72439 [2023-10-22 05:52:58.102] [main] [info] Identity created at 1697914378 - using ID Schema 1
72439 [2023-10-22 05:52:58.104] [main] [info] ------------- Starting Sync (dungnguyen10082000@gmail.com) ---------------
72439 [2023-10-22 05:52:58.116] [metadata] [info] Metadata sync disabled, not logged in.
72439 [2023-10-22 05:53:00.117] [background] [info] Fetching XOAuth2 access token (gmail) for 524aa2e4
72439 [2023-10-22 05:53:00.371] [background] [info] Marking all folders as `busy`
72439 [2023-10-22 05:53:00.371] [background] [info] Syncing folder list...
72439 [2023-10-22 05:53:04.347] [background] [info] Syncing folder list...
72439 [2023-10-22 05:53:05.268] [background] [info] syncFolderUIDRange for [Gmail]/All Mail, UIDs: 6592 - 7342, Heavy: true
72439 [2023-10-22 05:53:07.320] [foreground] [info] Idling on folder [Gmail]/All Mail
72439 [2023-10-22 05:53:10.750] [background] [info] - [Gmail]/All Mail: remote=487, local=0, remoteUID=21JcW4SBsjUvodJpgL75Y6XydM3aKAFgtNdNJ45kF
72439 [2023-10-22 05:53:13.112] [metadataExpiration] [info] Scanning for expired metadata
72439 [2023-10-22 05:53:13.112] [metadataExpiration] [info] -- Will wake for next expiration in 7200sec
72439 [2023-10-22 05:53:13.121] [background] [info] syncFolderUIDRange for [Gmail]/All Mail, UIDs: 6737 - 7342, Heavy: false
72439 [2023-10-22 05:53:15.005] [background] [info] - [Gmail]/All Mail: remote=400, local=400, remoteUID=21JcW4SBsjUvodJpgL75Y6XydM3aKAFgtNdNJ45kF
72439 [2023-10-22 05:53:23.786] [calContacts] [info] apidata.googleusercontent.com/caldav/v2/dungnguyen10082000%40gmail.com/events/
72439 [2023-10-22 05:53:23.787] [calContacts] [info]   remote: 25 etags
72439 [2023-10-22 05:53:23.787] [calContacts] [info]    local: 0 etags
72439 [2023-10-22 05:53:23.787] [calContacts] [info]  deleted: 0
72439 [2023-10-22 05:53:23.787] [calContacts] [info]   needed: 25
72439 [2023-10-22 05:53:26.946] [calContacts] [info] apidata.googleusercontent.com/caldav/v2/cln2stj9clq6sobdclpma8r8dtm6ip31f506esjfelo2sthecdgmopbechgn4bj7dtnmer355phmur8%40virtual/events/
72439 [2023-10-22 05:53:26.946] [calContacts] [info]   remote: 10 etags
72439 [2023-10-22 05:53:26.946] [calContacts] [info]    local: 0 etags
72439 [2023-10-22 05:53:26.946] [calContacts] [info]  deleted: 0
72439 [2023-10-22 05:53:26.946] [calContacts] [info]   needed: 10
72439 [2023-10-22 05:53:34.996] [background] [info] syncFolderUIDRange for [Gmail]/Bin, UIDs: 1 - 891, Heavy: true
72439 [2023-10-22 05:53:35.926] [background] [info] - [Gmail]/Bin: remote=2, local=0, remoteUID=mXCHYnH2xkCEAwVQCUvuT9bM1T6E8V2AtGVjgJHvm
72439 [2023-10-22 05:53:35.941] [background] [info] syncFolderUIDRange for [Gmail]/Bin, UIDs: 1 - 891, Heavy: false
72439 [2023-10-22 05:53:36.389] [background] [info] - [Gmail]/Bin: remote=2, local=2, remoteUID=mXCHYnH2xkCEAwVQCUvuT9bM1T6E8V2AtGVjgJHvm
72439 [2023-10-22 05:53:36.390] [background] [info] Cleaning local cache and updating stats
72439 [2023-10-22 05:53:36.393] [background] [info] -- 0 message bodies deleted from local cache.
72439 [2023-10-22 05:53:36.904] [background] [info] syncFolderUIDRange for [Gmail]/Spam, UIDs: 1 - 782, Heavy: true
72439 [2023-10-22 05:53:38.716] [background] [info] - [Gmail]/Spam: remote=109, local=0, remoteUID=Cksxo4Ye6YWeXpt1HqBHyT6pq33XdqfvCSqx1pBNN
72439 [2023-10-22 05:53:39.168] [background] [info] syncFolderUIDRange for [Gmail]/Spam, UIDs: 1 - 782, Heavy: false
72439 [2023-10-22 05:53:39.791] [background] [info] - [Gmail]/Spam: remote=109, local=109, remoteUID=Cksxo4Ye6YWeXpt1HqBHyT6pq33XdqfvCSqx1pBNN
72439 [2023-10-22 05:53:39.792] [background] [info] Cleaning local cache and updating stats
72439 [2023-10-22 05:53:39.792] [background] [info] -- 0 message bodies deleted from local cache.
72439 [2023-10-22 05:53:39.794] [background] [info] Sync loop deleting unlinked messages with phase 2.
72439 [2023-10-22 05:53:39.794] [background] [info] Sync loop complete.
72439 [2023-10-22 05:53:39.794] [background] [info] Syncing folder list...
72439 [2023-10-22 05:53:40.660] [background] [info] syncFolderUIDRange for [Gmail]/All Mail, UIDs: 1592 - 6592, Heavy: false
72439 [2023-10-22 05:53:46.941] [background] [info] - [Gmail]/All Mail: remote=3790, local=0, remoteUID=21JcW4SBsjUvodJpgL75Y6XydM3aKAFgtNdNJ45kF
72439 [2023-10-22 05:53:46.947] [background] [info] - Fetching full headers for 1024 (of 3790 needed)
72439 [2023-10-22 05:53:57.049] [background] [info] syncFolderUIDRange for [Gmail]/All Mail, UIDs: 1592 - 1591, Heavy: false
72439 [2023-10-22 05:54:01.339] [background] [info] - [Gmail]/All Mail: remote=4277, local=1511, remoteUID=21JcW4SBsjUvodJpgL75Y6XydM3aKAFgtNdNJ45kF
72439 [2023-10-22 05:54:01.368] [background] [info] - Fetching full headers for 1024 (of 2766 needed)
72439 [2023-10-22 05:54:08.603] [background] [warning] [SLOW] Transaction=insertMessage:contacts > 80ms (132ms, 132 waiting to aquire)
72439 [2023-10-22 05:54:10.603] [background] [warning] [SLOW] Transaction=insertMessage:contacts > 80ms (129ms, 129 waiting to aquire)
72439 [2023-10-22 05:54:12.438] [main] [info] [local-c4ec3b9a-26e8] Running ChangeUnreadTask performLocal:
72439 [2023-10-22 05:54:12.535] [main] [info] [local-c4ec3b9a-26e8] -- Succeeded. Changing status to `remote`
72439 [2023-10-22 05:54:13.298] [foreground] [info] Idle exited with code 0
72439 [2023-10-22 05:54:13.298] [foreground] [info] [local-c4ec3b9a-26e8] Running ChangeUnreadTask performRemote:
72439 [2023-10-22 05:54:13.389] [main] [info] [local-778c5717-6f53] Running ChangeUnreadTask performLocal:
72439 [2023-10-22 05:54:13.773] [main] [warning] [SLOW] Transaction=performLocalChangeOnMessages > 80ms (381ms, 0 waiting to aquire)
72439 [2023-10-22 05:54:13.776] [main] [info] [local-778c5717-6f53] -- Succeeded. Changing status to `remote`
72439 [2023-10-22 05:54:14.200] [foreground] [info] [local-c4ec3b9a-26e8] -- Succeeded. Changing status to `complete`
72439 [2023-10-22 05:54:14.208] [foreground] [info] [local-778c5717-6f53] Running ChangeUnreadTask performRemote:
72439 [2023-10-22 05:54:17.281] [foreground] [warning] [SLOW] Transaction=performRemoteChangeOnMessages > 80ms (317ms, 0 waiting to aquire)
72439 [2023-10-22 05:54:17.287] [foreground] [info] [local-778c5717-6f53] -- Succeeded. Changing status to `complete`
72439 [2023-10-22 05:54:17.383] [background] [warning] [SLOW] Transaction=retrievedMessageBody > 80ms (336ms, 329 waiting to aquire)
72439 [2023-10-22 05:54:17.825] [foreground] [info] syncFolderChangesViaCondstore - [Gmail]/All Mail: modseq 879956 to 880059, uidnext 7342 to 7342
72439 [2023-10-22 05:54:18.590] [foreground] [info] syncFolderChangesViaCondstore - Changes since HMODSEQ 879956: 11 changed, 0 vanished
72439 [2023-10-22 05:54:34.221] [background] [info] syncFolderUIDRange for [Gmail]/Bin, UIDs: 1 - 0, Heavy: false
72439 [2023-10-22 05:54:35.299] [background] [info] - [Gmail]/Bin: remote=2, local=2, remoteUID=mXCHYnH2xkCEAwVQCUvuT9bM1T6E8V2AtGVjgJHvm
72439 [2023-10-22 05:54:35.867] [background] [info] syncFolderUIDRange for [Gmail]/Spam, UIDs: 1 - 0, Heavy: false
72439 [2023-10-22 05:54:36.996] [background] [info] - [Gmail]/Spam: remote=109, local=109, remoteUID=Cksxo4Ye6YWeXpt1HqBHyT6pq33XdqfvCSqx1pBNN
72439 [2023-10-22 05:54:36.998] [background] [info] Sync loop deleting unlinked messages with phase 1.
72439 [2023-10-22 05:54:37.000] [background] [info] Sync loop complete.
72439 [2023-10-22 05:54:37.000] [background] [info] Syncing folder list...
72439 [2023-10-22 05:54:38.135] [foreground] [info] Idling on folder [Gmail]/All Mail
72439 [2023-10-22 05:54:38.389] [background] [info] syncFolderUIDRange for [Gmail]/All Mail, UIDs: 1 - 1592, Heavy: false
72439 [2023-10-22 05:54:41.324] [background] [info] - [Gmail]/All Mail: remote=1326, local=0, remoteUID=21JcW4SBsjUvodJpgL75Y6XydM3aKAFgtNdNJ45kF
72439 [2023-10-22 05:54:41.326] [background] [info] - Fetching full headers for 1024 (of 1326 needed)
72439 [2023-10-22 05:54:49.224] [background] [warning] [SLOW] Transaction=insertMessage > 80ms (84ms, 0 waiting to aquire)
72439 [2023-10-22 05:54:54.051] [background] [warning] [SLOW] Transaction=insertMessage:contacts > 80ms (132ms, 132 waiting to aquire)
72439 [2023-10-22 05:55:18.428] [background] [info] Cleaning local cache and updating stats
72439 [2023-10-22 05:55:18.462] [background] [info] -- 0 message bodies deleted from local cache.
72439 [2023-10-22 05:55:19.393] [background] [info] Sync loop deleting unlinked messages with phase 2.
72439 [2023-10-22 05:55:19.398] [background] [info] Sync loop complete.
72439 [2023-10-22 05:55:19.399] [background] [info] Syncing folder list...
72439 [2023-10-22 05:55:20.298] [background] [info] syncFolderUIDRange for [Gmail]/All Mail, UIDs: 1 - 0, Heavy: false
72439 [2023-10-22 05:55:27.136] [background] [info] - [Gmail]/All Mail: remote=5602, local=3559, remoteUID=21JcW4SBsjUvodJpgL75Y6XydM3aKAFgtNdNJ45kF
72439 [2023-10-22 05:55:27.173] [background] [info] - Fetching full headers for 1024 (of 2043 needed)
72439 [2023-10-22 05:55:58.261] [background] [info] Sync loop deleting unlinked messages with phase 1.
72439 [2023-10-22 05:55:58.265] [background] [info] Sync loop complete.
72439 [2023-10-22 05:55:58.265] [background] [info] Syncing folder list...
72439 [2023-10-22 05:56:18.451] [background] [info] Sync loop deleting unlinked messages with phase 2.
72439 [2023-10-22 05:56:18.453] [background] [info] Sync loop complete.
72439 [2023-10-22 05:56:18.454] [background] [info] Syncing folder list...
72439 [2023-10-22 05:56:39.522] [background] [info] syncFolderUIDRange for [Gmail]/Bin, UIDs: 1 - 891, Heavy: false
72439 [2023-10-22 05:56:40.433] [background] [info] - [Gmail]/Bin: remote=2, local=2, remoteUID=mXCHYnH2xkCEAwVQCUvuT9bM1T6E8V2AtGVjgJHvm
72439 [2023-10-22 05:56:40.862] [background] [info] syncFolderUIDRange for [Gmail]/Spam, UIDs: 1 - 782, Heavy: false
72439 [2023-10-22 05:56:41.907] [background] [info] - [Gmail]/Spam: remote=109, local=109, remoteUID=Cksxo4Ye6YWeXpt1HqBHyT6pq33XdqfvCSqx1pBNN
72439 [2023-10-22 05:56:41.908] [background] [info] Sync loop deleting unlinked messages with phase 1.
72439 [2023-10-22 05:56:41.911] [background] [info] Sync loop complete.
72439 [2023-10-22 05:56:41.911] [background] [info] Syncing folder list...
72439 [2023-10-22 05:57:05.587] [background] [info] Sync loop deleting unlinked messages with phase 2.
72439 [2023-10-22 05:57:05.592] [background] [info] Sync loop complete.
72439 [2023-10-22 05:57:05.592] [background] [info] Syncing folder list...
72439 [2023-10-22 05:57:25.847] [background] [info] Sync loop deleting unlinked messages with phase 1.
72439 [2023-10-22 05:57:25.849] [background] [info] Sync loop complete.
72439 [2023-10-22 05:57:25.849] [background] [info] Syncing folder list...
72439 [2023-10-22 05:57:45.858] [background] [info] Sync loop deleting unlinked messages with phase 2.
72439 [2023-10-22 05:57:45.865] [background] [info] Sync loop complete.
72439 [2023-10-22 05:57:45.865] [background] [info] Syncing folder list...
72439 [2023-10-22 05:57:46.727] [background] [info] syncFolderUIDRange for [Gmail]/All Mail, UIDs: 6737 - 7342, Heavy: false
72439 [2023-10-22 05:57:47.540] [background] [info] - [Gmail]/All Mail: remote=400, local=400, remoteUID=21JcW4SBsjUvodJpgL75Y6XydM3aKAFgtNdNJ45kF
72439 [2023-10-22 05:58:07.641] [background] [info] Sync loop deleting unlinked messages with phase 1.
72439 [2023-10-22 05:58:07.648] [background] [info] Sync loop complete.
72439 [2023-10-22 05:58:07.648] [background] [info] Syncing folder list...
72439 [2023-10-22 05:58:27.381] [background] [info] Sync loop deleting unlinked messages with phase 2.
72439 [2023-10-22 05:58:27.383] [background] [info] Sync loop complete.
72439 [2023-10-22 05:58:27.384] [background] [info] Syncing folder list...
72439 [2023-10-22 05:58:47.387] [background] [info] syncFolderUIDRange for [Gmail]/Bin, UIDs: 1 - 891, Heavy: false
72439 [2023-10-22 05:58:48.400] [background] [info] - [Gmail]/Bin: remote=2, local=2, remoteUID=mXCHYnH2xkCEAwVQCUvuT9bM1T6E8V2AtGVjgJHvm
72439 [2023-10-22 05:58:48.825] [background] [info] syncFolderUIDRange for [Gmail]/Spam, UIDs: 1 - 782, Heavy: false
72439 [2023-10-22 05:58:49.813] [background] [info] - [Gmail]/Spam: remote=109, local=109, remoteUID=Cksxo4Ye6YWeXpt1HqBHyT6pq33XdqfvCSqx1pBNN
72439 [2023-10-22 05:58:49.814] [background] [info] Sync loop deleting unlinked messages with phase 1.
72439 [2023-10-22 05:58:49.817] [background] [info] Sync loop complete.
72439 [2023-10-22 05:58:49.817] [background] [info] Syncing folder list...
72439 [2023-10-22 05:59:10.763] [background] [info] Sync loop deleting unlinked messages with phase 2.
72439 [2023-10-22 05:59:10.766] [background] [info] Sync loop complete.
72439 [2023-10-22 05:59:10.766] [background] [info] Syncing folder list...
72439 [2023-10-22 05:59:29.848] [background] [info] Sync loop deleting unlinked messages with phase 1.
72439 [2023-10-22 05:59:29.854] [background] [info] Sync loop complete.
72439 [2023-10-22 05:59:29.855] [background] [info] Syncing folder list...
72439 [2023-10-22 05:59:55.690] [background] [info] Sync loop deleting unlinked messages with phase 2.
72439 [2023-10-22 05:59:55.696] [background] [info] Sync loop complete.
72439 [2023-10-22 05:59:55.696] [background] [info] Syncing folder list...
72439 [2023-10-22 05:59:56.643] [background] [info] syncFolderUIDRange for [Gmail]/All Mail, UIDs: 6737 - 7342, Heavy: false
72439 [2023-10-22 05:59:57.511] [background] [info] - [Gmail]/All Mail: remote=400, local=400, remoteUID=21JcW4SBsjUvodJpgL75Y6XydM3aKAFgtNdNJ45kF
72439 [2023-10-22 06:00:20.151] [background] [info] Sync loop deleting unlinked messages with phase 1.
72439 [2023-10-22 06:00:20.158] [background] [info] Sync loop complete.
72439 [2023-10-22 06:00:20.158] [background] [info] Syncing folder list...
16667 [2023-10-22 18:30:06.817] [main] [info] Identity created at 1697959806 - using ID Schema 1
16667 [2023-10-22 18:30:06.828] [main] [info] ------------- Starting Sync (dungnguyen10082000@gmail.com) ---------------
16667 [2023-10-22 18:30:06.839] [metadata] [info] Metadata sync disabled, not logged in.
16667 [2023-10-22 18:30:08.839] [background] [info] Fetching XOAuth2 access token (gmail) for 524aa2e4
16667 [2023-10-22 18:30:09.125] [background] [info] Marking all folders as `busy`
16667 [2023-10-22 18:30:09.130] [background] [info] Syncing folder list...
1195 [2023-10-25 11:52:30.834] [main] [info] Identity created at 1698195150 - using ID Schema 1
1195 [2023-10-25 11:52:30.845] [main] [info] ------------- Starting Sync (dungnguyen10082000@gmail.com) ---------------
1195 [2023-10-25 11:52:30.854] [metadata] [info] Metadata sync disabled, not logged in.
1195 [2023-10-25 11:52:32.855] [background] [info] Fetching XOAuth2 access token (gmail) for 524aa2e4
1195 [2023-10-25 11:52:33.141] [background] [info] Marking all folders as `busy`
1195 [2023-10-25 11:52:33.161] [background] [info] Syncing folder list...
1195 [2023-10-25 11:52:36.781] [background] [info] Syncing folder list...
1195 [2023-10-25 11:52:37.565] [background] [info] syncFolderUIDRange for [Gmail]/All Mail, UIDs: 7342 - 7373, Heavy: true
1195 [2023-10-25 11:52:38.452] [background] [info] - [Gmail]/All Mail: remote=22, local=0, remoteUID=21JcW4SBsjUvodJpgL75Y6XydM3aKAFgtNdNJ45kF
1195 [2023-10-25 11:52:38.590] [background] [warning] [SLOW] Transaction=insertMessage > 80ms (88ms, 0 waiting to aquire)
1195 [2023-10-25 11:52:40.316] [foreground] [info] syncFolderChangesViaCondstore - [Gmail]/All Mail: modseq 880059 to 882810, uidnext 7342 to 7373
1195 [2023-10-25 11:52:41.266] [foreground] [info] syncFolderChangesViaCondstore - Changes since HMODSEQ 880059: 23 changed, 0 vanished
1195 [2023-10-25 11:52:45.072] [foreground] [warning] [SLOW] Transaction=retrievedMessageBody > 80ms (86ms, 0 waiting to aquire)
1195 [2023-10-25 11:52:45.849] [metadataExpiration] [info] Scanning for expired metadata
1195 [2023-10-25 11:52:45.850] [metadataExpiration] [info] -- Will wake for next expiration in 7200sec
1195 [2023-10-25 11:52:48.616] [background] [info] syncFolderUIDRange for [Gmail]/All Mail, UIDs: 6737 - 7373, Heavy: false
1195 [2023-10-25 11:52:49.200] [background] [info] - [Gmail]/All Mail: remote=422, local=422, remoteUID=21JcW4SBsjUvodJpgL75Y6XydM3aKAFgtNdNJ45kF
1195 [2023-10-25 11:52:49.608] [main] [info] [local-19716b8b-a082] Running ChangeUnreadTask performLocal:
1195 [2023-10-25 11:52:49.614] [main] [info] [local-19716b8b-a082] -- Succeeded. Changing status to `remote`
1195 [2023-10-25 11:52:50.799] [main] [info] [local-c87f5f76-458a] Running ChangeUnreadTask performLocal:
1195 [2023-10-25 11:52:50.805] [main] [info] [local-c87f5f76-458a] -- Succeeded. Changing status to `remote`
1195 [2023-10-25 11:52:51.499] [foreground] [warning] [SLOW] Transaction=retrievedMessageBody > 80ms (107ms, 0 waiting to aquire)
1195 [2023-10-25 11:52:55.337] [foreground] [info] [local-19716b8b-a082] Running ChangeUnreadTask performRemote:
1195 [2023-10-25 11:52:55.496] [main] [info] [local-864067d4-ea15] Running ChangeUnreadTask performLocal:
1195 [2023-10-25 11:52:55.503] [main] [info] [local-864067d4-ea15] -- Succeeded. Changing status to `remote`
1195 [2023-10-25 11:52:56.013] [foreground] [info] [local-19716b8b-a082] -- Succeeded. Changing status to `complete`
1195 [2023-10-25 11:52:56.014] [foreground] [info] [local-c87f5f76-458a] Running ChangeUnreadTask performRemote:
1195 [2023-10-25 11:52:56.642] [foreground] [info] [local-c87f5f76-458a] -- Succeeded. Changing status to `complete`
1195 [2023-10-25 11:52:56.642] [foreground] [info] [local-864067d4-ea15] Running ChangeUnreadTask performRemote:
1195 [2023-10-25 11:52:56.991] [main] [info] [local-0fe612e9-ef02] Running ChangeUnreadTask performLocal:
1195 [2023-10-25 11:52:56.996] [main] [info] [local-0fe612e9-ef02] -- Succeeded. Changing status to `remote`
1195 [2023-10-25 11:52:57.275] [foreground] [info] [local-864067d4-ea15] -- Succeeded. Changing status to `complete`
1195 [2023-10-25 11:52:57.277] [foreground] [info] [local-0fe612e9-ef02] Running ChangeUnreadTask performRemote:
1195 [2023-10-25 11:52:57.774] [main] [info] [local-797c5c6b-357e] Running ChangeUnreadTask performLocal:
1195 [2023-10-25 11:52:57.783] [main] [info] [local-797c5c6b-357e] -- Succeeded. Changing status to `remote`
1195 [2023-10-25 11:52:57.901] [foreground] [info] [local-0fe612e9-ef02] -- Succeeded. Changing status to `complete`
1195 [2023-10-25 11:52:57.902] [foreground] [info] [local-797c5c6b-357e] Running ChangeUnreadTask performRemote:
1195 [2023-10-25 11:52:58.532] [foreground] [info] [local-797c5c6b-357e] -- Succeeded. Changing status to `complete`
1195 [2023-10-25 11:52:58.957] [foreground] [info] syncFolderChangesViaCondstore - [Gmail]/All Mail: modseq 882810 to 883071, uidnext 7373 to 7373
1195 [2023-10-25 11:52:59.374] [foreground] [info] syncFolderChangesViaCondstore - Changes since HMODSEQ 882810: 5 changed, 0 vanished
1195 [2023-10-25 11:53:02.617] [foreground] [info] Idling on folder [Gmail]/All Mail
1195 [2023-10-25 11:53:04.146] [background] [info] Cleaning local cache and updating stats
1195 [2023-10-25 11:53:04.186] [background] [info] -- 0 message bodies deleted from local cache.
1195 [2023-10-25 11:53:04.967] [background] [info] syncFolderUIDRange for [Gmail]/Bin, UIDs: 1 - 891, Heavy: false
1195 [2023-10-25 11:53:05.762] [background] [info] - [Gmail]/Bin: remote=2, local=2, remoteUID=mXCHYnH2xkCEAwVQCUvuT9bM1T6E8V2AtGVjgJHvm
1195 [2023-10-25 11:53:05.763] [background] [info] Cleaning local cache and updating stats
1195 [2023-10-25 11:53:05.774] [background] [info] -- 0 message bodies deleted from local cache.
1195 [2023-10-25 11:53:06.172] [background] [info] syncFolderUIDRange for [Gmail]/Spam, UIDs: 782 - 791, Heavy: true
1195 [2023-10-25 11:53:06.985] [background] [info] - [Gmail]/Spam: remote=9, local=0, remoteUID=Cksxo4Ye6YWeXpt1HqBHyT6pq33XdqfvCSqx1pBNN
1195 [2023-10-25 11:53:07.072] [background] [info] syncFolderUIDRange for [Gmail]/Spam, UIDs: 1 - 791, Heavy: false
1195 [2023-10-25 11:53:07.503] [background] [info] - [Gmail]/Spam: remote=109, local=118, remoteUID=Cksxo4Ye6YWeXpt1HqBHyT6pq33XdqfvCSqx1pBNN
1195 [2023-10-25 11:53:07.503] [background] [info] Unlinking messages  WHERE remoteFolderId = ? AND remoteUID IN (?,?,?,?,?,?,?,?,?) no longer present in remote range.
1195 [2023-10-25 11:53:07.529] [background] [info] -- 9 matches.
1195 [2023-10-25 11:53:07.529] [background] [info] -- Unlinking "Your Sunday evening order with Uber Eats" (httS5F7ALMJ6uUgAohSpgSmZqGBQAowwiWJh5HZHk)
1195 [2023-10-25 11:53:07.530] [background] [info] -- Unlinking "Your Sunday morning order with Uber Eats" (2ZkpyyGXeGywhddzq1Pd4DGRSrhGFgm9BZyF3wCcW)
1195 [2023-10-25 11:53:07.532] [background] [info] -- Unlinking "Your Saturday afternoon order with Uber Eats" (NWDMPqtRjycdtaN4uDDojj76vktzBSwdsCPpY9bXU)
1195 [2023-10-25 11:53:07.533] [background] [info] -- Unlinking "Your Saturday morning order with Uber Eats" (djp9TRpw8qxfJJpbyr2Z1CTQMQKsLDZ3xD15rZ6Zx)
1195 [2023-10-25 11:53:07.535] [background] [info] -- Unlinking "7 NGÀY VÀNG ƯU ĐÃI HỌC PHÍ DUY NHẤT TRONG NĂM" (j1dPq8dtD6wgCVYmKVm6cc6U9EQBdttgKMZFSR6vC)
1195 [2023-10-25 11:53:07.536] [background] [info] -- Unlinking "Join HitPaw Back To School Promotion and Win Big: iPad Pro, Apple Pencil, $100 Amazon Gift Card, Free License, 30% OFF" (tEttdKRUpgzuk25389j8hu8nRDbMiLriasn79aVPj)
1195 [2023-10-25 11:53:07.537] [background] [info] -- Unlinking "Your Friday evening order with Uber Eats" (65GAASPj5hiKKFJLFn4SL7KKv2a5xc7JSoQQZMq4d)
1195 [2023-10-25 11:53:07.539] [background] [info] -- Unlinking "Your Friday morning order with Uber Eats" (Mx8bBNGuqSgTBynQQUyrjfuCGPypMk3ua28vrSUZB)
1195 [2023-10-25 11:53:07.540] [background] [info] -- Unlinking "Your Thursday evening order with Uber Eats" (2U38zoV85LVzH1Z6upkYsc9cCwnxdJDZy7F37SraW)
1195 [2023-10-25 11:53:07.542] [background] [info] Cleaning local cache and updating stats
1195 [2023-10-25 11:53:07.550] [background] [info] -- 0 message bodies deleted from local cache.
1195 [2023-10-25 11:53:07.565] [background] [info] Sync loop deleting unlinked messages with phase 2.
1195 [2023-10-25 11:53:07.570] [background] [info] Sync loop complete.
1195 [2023-10-25 11:53:07.570] [background] [info] Syncing folder list...
1195 [2023-10-25 11:53:08.354] [background] [info] syncFolderUIDRange for [Gmail]/All Mail, UIDs: 1 - 0, Heavy: false
1195 [2023-10-25 11:53:11.149] [background] [info] - [Gmail]/All Mail: remote=5624, local=4605, remoteUID=21JcW4SBsjUvodJpgL75Y6XydM3aKAFgtNdNJ45kF
1195 [2023-10-25 11:53:11.178] [background] [info] - Fetching full headers for 1019 (of 1019 needed)
126129 [2023-10-25 19:03:33.303] [main] [info] Identity created at 1698221013 - using ID Schema 1
126129 [2023-10-25 19:03:33.313] [main] [info] ------------- Starting Sync (dungnguyen10082000@gmail.com) ---------------
126129 [2023-10-25 19:03:33.326] [metadata] [info] Metadata sync disabled, not logged in.
126129 [2023-10-25 19:03:35.327] [background] [info] Fetching XOAuth2 access token (gmail) for 524aa2e4
126129 [2023-10-25 19:03:37.666] [background] [info] Marking all folders as `busy`
126129 [2023-10-25 19:03:37.672] [background] [info] Syncing folder list...
126129 [2023-10-25 19:03:41.831] [background] [info] Syncing folder list...
126129 [2023-10-25 19:03:42.649] [background] [info] syncFolderUIDRange for [Gmail]/All Mail, UIDs: 7373 - 7376, Heavy: true
126129 [2023-10-25 19:03:43.497] [background] [info] - [Gmail]/All Mail: remote=2, local=0, remoteUID=21JcW4SBsjUvodJpgL75Y6XydM3aKAFgtNdNJ45kF
126129 [2023-10-25 19:03:44.465] [background] [info] syncFolderUIDRange for [Gmail]/All Mail, UIDs: 6781 - 7376, Heavy: false
126129 [2023-10-25 19:03:45.014] [background] [info] - [Gmail]/All Mail: remote=402, local=402, remoteUID=21JcW4SBsjUvodJpgL75Y6XydM3aKAFgtNdNJ45kF
126129 [2023-10-25 19:03:45.071] [background] [info] Cleaning local cache and updating stats
126129 [2023-10-25 19:03:45.112] [background] [info] -- 0 message bodies deleted from local cache.
126129 [2023-10-25 19:03:45.404] [foreground] [info] syncFolderChangesViaCondstore - [Gmail]/All Mail: modseq 883071 to 883243, uidnext 7373 to 7376
126129 [2023-10-25 19:03:45.999] [background] [info] syncFolderUIDRange for [Gmail]/Bin, UIDs: 1 - 891, Heavy: false
126129 [2023-10-25 19:03:47.070] [foreground] [info] syncFolderChangesViaCondstore - Changes since HMODSEQ 883071: 2 changed, 0 vanished
126129 [2023-10-25 19:03:47.109] [foreground] [info] Idling on folder [Gmail]/All Mail
126129 [2023-10-25 19:03:47.452] [background] [info] - [Gmail]/Bin: remote=2, local=2, remoteUID=mXCHYnH2xkCEAwVQCUvuT9bM1T6E8V2AtGVjgJHvm
126129 [2023-10-25 19:03:47.452] [background] [info] Cleaning local cache and updating stats
126129 [2023-10-25 19:03:47.483] [background] [info] -- 0 message bodies deleted from local cache.
126129 [2023-10-25 19:03:47.890] [background] [info] syncFolderUIDRange for [Gmail]/Spam, UIDs: 791 - 792, Heavy: true
126129 [2023-10-25 19:03:48.323] [metadataExpiration] [info] Scanning for expired metadata
126129 [2023-10-25 19:03:48.324] [metadataExpiration] [info] -- Will wake for next expiration in 7200sec
126129 [2023-10-25 19:03:48.980] [background] [info] - [Gmail]/Spam: remote=1, local=0, remoteUID=Cksxo4Ye6YWeXpt1HqBHyT6pq33XdqfvCSqx1pBNN
126129 [2023-10-25 19:03:48.986] [background] [info] syncFolderUIDRange for [Gmail]/Spam, UIDs: 1 - 792, Heavy: false
126129 [2023-10-25 19:03:49.440] [background] [info] - [Gmail]/Spam: remote=108, local=110, remoteUID=Cksxo4Ye6YWeXpt1HqBHyT6pq33XdqfvCSqx1pBNN
126129 [2023-10-25 19:03:49.441] [background] [info] Unlinking messages  WHERE remoteFolderId = ? AND remoteUID IN (?,?) no longer present in remote range.
126129 [2023-10-25 19:03:49.464] [background] [info] -- 2 matches.
126129 [2023-10-25 19:03:49.465] [background] [info] -- Unlinking "Your Monday afternoon order with Uber Eats" (3hNT746H6zVb2bB4AKmo5TW9eSt2wUpwJ6aQ55gB7)
126129 [2023-10-25 19:03:49.468] [background] [info] -- Unlinking "Your Sunday evening order with Uber Eats" (Z3JdGH3FwdfZHHHEp9iQqfXketUZeZxZpts8rW2Eu)
126129 [2023-10-25 19:03:49.474] [background] [info] Cleaning local cache and updating stats
126129 [2023-10-25 19:03:49.484] [background] [info] -- 0 message bodies deleted from local cache.
126129 [2023-10-25 19:03:49.490] [background] [info] Sync loop deleting unlinked messages with phase 2.
126129 [2023-10-25 19:03:49.493] [background] [info] Sync loop complete.
126129 [2023-10-25 19:05:49.494] [background] [info] Syncing folder list...
126129 [2023-10-25 19:06:19.617] [background] [critical] 
***
*** Mailspring Sync 
*** An exception occurred during program execution: 
*** {"debuginfo":"syncFoldersAndLabels - fetchAllFolders","key":"ErrorConnection","retryable":true,"what":"std::exception"}
***

126129 [2023-10-25 19:06:19.617] [background] [critical] *** Stack trace (line numbers are approximate):
*** ??:?        SyncWorker::syncFoldersAndLabels()
*** ??:?        SyncWorker::syncNow()
*** ??:?        runBackgroundSyncWorker()
*** main.cpp:?  main::{lambda()#3}::operator()() const
*** main.cpp:?  _Bind_simple::operator()()
*** main.cpp:?  thread::_Impl::_M_run()
*** thread.o:?  execute_native_thread_routine()
***

126129 [2023-10-25 19:06:19.617] [background] [info] --sleeping
1407 [2023-10-26 14:14:23.021] [main] [info] Identity created at 1698290063 - using ID Schema 1
1407 [2023-10-26 14:14:23.033] [main] [info] ------------- Starting Sync (dungnguyen10082000@gmail.com) ---------------
1407 [2023-10-26 14:14:23.042] [metadata] [info] Metadata sync disabled, not logged in.
1407 [2023-10-26 14:14:25.038] [background] [info] Fetching XOAuth2 access token (gmail) for 524aa2e4
1407 [2023-10-26 14:14:25.191] [main] [info] [local-9fb6071b-6787] Running ChangeUnreadTask performLocal:
1407 [2023-10-26 14:14:25.212] [main] [info] [local-9fb6071b-6787] -- Succeeded. Changing status to `remote`
1407 [2023-10-26 14:14:25.318] [background] [info] Marking all folders as `busy`
1407 [2023-10-26 14:14:25.319] [background] [info] Syncing folder list...
1407 [2023-10-26 14:14:28.381] [background] [info] Syncing folder list...
1407 [2023-10-26 14:14:29.186] [background] [info] syncFolderUIDRange for [Gmail]/All Mail, UIDs: 7376 - 7382, Heavy: true
1407 [2023-10-26 14:14:30.017] [background] [info] - [Gmail]/All Mail: remote=3, local=0, remoteUID=21JcW4SBsjUvodJpgL75Y6XydM3aKAFgtNdNJ45kF
1407 [2023-10-26 14:14:31.047] [background] [warning] [SLOW] Transaction=retrievedMessageBody > 80ms (88ms, 81 waiting to aquire)
1407 [2023-10-26 14:14:31.518] [foreground] [info] [local-9fb6071b-6787] Running ChangeUnreadTask performRemote:
1407 [2023-10-26 14:14:31.557] [background] [info] syncFolderUIDRange for [Gmail]/All Mail, UIDs: 6783 - 7382, Heavy: false
1407 [2023-10-26 14:14:32.143] [background] [info] - [Gmail]/All Mail: remote=403, local=403, remoteUID=21JcW4SBsjUvodJpgL75Y6XydM3aKAFgtNdNJ45kF
1407 [2023-10-26 14:14:32.152] [background] [info] - Fetching full headers for 1 (of 1 needed)
1407 [2023-10-26 14:14:32.330] [foreground] [info] [local-9fb6071b-6787] -- Succeeded. Changing status to `complete`
1407 [2023-10-26 14:14:32.563] [background] [info] - Updating message 8hD5nD9aw9uoL6H4vbJdnZWb6FcwTikoVD3fCxqxb
1407 [2023-10-26 14:14:32.564] [background] [info] -- Unread (true to false)
1407 [2023-10-26 14:14:32.723] [foreground] [info] syncFolderChangesViaCondstore - [Gmail]/All Mail: modseq 883243 to 883713, uidnext 7376 to 7382
1407 [2023-10-26 14:14:32.732] [background] [info] Cleaning local cache and updating stats
1407 [2023-10-26 14:14:32.837] [background] [info] -- 0 message bodies deleted from local cache.
1407 [2023-10-26 14:14:33.181] [foreground] [info] syncFolderChangesViaCondstore - Changes since HMODSEQ 883243: 5 changed, 0 vanished
1407 [2023-10-26 14:14:33.287] [foreground] [info] Idling on folder [Gmail]/All Mail
1407 [2023-10-26 14:14:33.884] [background] [info] syncFolderUIDRange for [Gmail]/Bin, UIDs: 1 - 891, Heavy: false
1407 [2023-10-26 14:14:34.694] [background] [info] - [Gmail]/Bin: remote=2, local=2, remoteUID=mXCHYnH2xkCEAwVQCUvuT9bM1T6E8V2AtGVjgJHvm
1407 [2023-10-26 14:14:34.695] [background] [info] Cleaning local cache and updating stats
1407 [2023-10-26 14:14:34.709] [background] [info] -- 0 message bodies deleted from local cache.
1407 [2023-10-26 14:14:35.110] [background] [info] syncFolderUIDRange for [Gmail]/Spam, UIDs: 792 - 795, Heavy: true
1407 [2023-10-26 14:14:35.926] [background] [info] - [Gmail]/Spam: remote=3, local=0, remoteUID=Cksxo4Ye6YWeXpt1HqBHyT6pq33XdqfvCSqx1pBNN
1407 [2023-10-26 14:14:35.946] [background] [info] syncFolderUIDRange for [Gmail]/Spam, UIDs: 1 - 795, Heavy: false
1407 [2023-10-26 14:14:36.380] [background] [info] - [Gmail]/Spam: remote=110, local=111, remoteUID=Cksxo4Ye6YWeXpt1HqBHyT6pq33XdqfvCSqx1pBNN
1407 [2023-10-26 14:14:36.381] [background] [info] Unlinking messages  WHERE remoteFolderId = ? AND remoteUID IN (?) no longer present in remote range.
1407 [2023-10-26 14:14:36.395] [background] [info] -- 1 matches.
1407 [2023-10-26 14:14:36.395] [background] [info] -- Unlinking "Your Monday evening order with Uber Eats" (KDQQ425pokKsqe1DvBQLvJ4gqji1jxJF5uqD2JGnr)
1407 [2023-10-26 14:14:36.397] [background] [info] Cleaning local cache and updating stats
1407 [2023-10-26 14:14:36.402] [background] [info] -- 0 message bodies deleted from local cache.
1407 [2023-10-26 14:14:36.408] [background] [info] Sync loop deleting unlinked messages with phase 2.
1407 [2023-10-26 14:14:36.411] [background] [info] Sync loop complete.
1407 [2023-10-26 14:14:38.036] [metadataExpiration] [info] Scanning for expired metadata
1407 [2023-10-26 14:14:38.036] [metadataExpiration] [info] -- Will wake for next expiration in 7200sec
1407 [2023-10-26 14:16:36.412] [background] [info] Syncing folder list...
1407 [2023-10-26 14:16:37.216] [background] [info] syncFolderUIDRange for [Gmail]/All Mail, UIDs: 1 - 0, Heavy: false
1407 [2023-10-26 14:16:39.755] [background] [info] - [Gmail]/All Mail: remote=5629, local=4682, remoteUID=21JcW4SBsjUvodJpgL75Y6XydM3aKAFgtNdNJ45kF
1407 [2023-10-26 14:16:39.788] [background] [info] - Fetching full headers for 947 (of 947 needed)
1407 [2023-10-26 14:16:46.755] [background] [info] syncFolderUIDRange for [Gmail]/Bin, UIDs: 1 - 0, Heavy: false
1407 [2023-10-26 14:16:47.570] [background] [info] - [Gmail]/Bin: remote=2, local=2, remoteUID=mXCHYnH2xkCEAwVQCUvuT9bM1T6E8V2AtGVjgJHvm
1407 [2023-10-26 14:16:47.970] [background] [info] syncFolderUIDRange for [Gmail]/Spam, UIDs: 1 - 0, Heavy: false
1407 [2023-10-26 14:16:48.801] [background] [info] - [Gmail]/Spam: remote=110, local=111, remoteUID=Cksxo4Ye6YWeXpt1HqBHyT6pq33XdqfvCSqx1pBNN
1407 [2023-10-26 14:16:48.801] [background] [info] Unlinking messages  WHERE remoteFolderId = ? AND remoteUID IN (?) no longer present in remote range.
1407 [2023-10-26 14:16:48.813] [background] [info] -- 12 matches.
1407 [2023-10-26 14:16:48.814] [background] [info] Sync loop deleting unlinked messages with phase 1.
1407 [2023-10-26 14:16:48.823] [background] [info] -- Removing 12 unlinked messages
1407 [2023-10-26 14:16:48.823] [background] [info] -- Removing "Your Monday evening order with Uber Eats" (KDQQ425pokKsqe1DvBQLvJ4gqji1jxJF5uqD2JGnr)
1407 [2023-10-26 14:16:48.825] [background] [info] -- Removing "Your Monday afternoon order with Uber Eats" (3hNT746H6zVb2bB4AKmo5TW9eSt2wUpwJ6aQ55gB7)
1407 [2023-10-26 14:16:48.828] [background] [info] -- Removing "Your Sunday evening order with Uber Eats" (Z3JdGH3FwdfZHHHEp9iQqfXketUZeZxZpts8rW2Eu)
1407 [2023-10-26 14:16:48.830] [background] [info] -- Removing "Your Sunday evening order with Uber Eats" (httS5F7ALMJ6uUgAohSpgSmZqGBQAowwiWJh5HZHk)
1407 [2023-10-26 14:16:48.832] [background] [info] -- Removing "Your Sunday morning order with Uber Eats" (2ZkpyyGXeGywhddzq1Pd4DGRSrhGFgm9BZyF3wCcW)
1407 [2023-10-26 14:16:48.834] [background] [info] -- Removing "Your Saturday afternoon order with Uber Eats" (NWDMPqtRjycdtaN4uDDojj76vktzBSwdsCPpY9bXU)
1407 [2023-10-26 14:16:48.836] [background] [info] -- Removing "Your Saturday morning order with Uber Eats" (djp9TRpw8qxfJJpbyr2Z1CTQMQKsLDZ3xD15rZ6Zx)
1407 [2023-10-26 14:16:48.838] [background] [info] -- Removing "7 NGÀY VÀNG ƯU ĐÃI HỌC PHÍ DUY NHẤT TRONG NĂM" (j1dPq8dtD6wgCVYmKVm6cc6U9EQBdttgKMZFSR6vC)
1407 [2023-10-26 14:16:48.840] [background] [info] -- Removing "Join HitPaw Back To School Promotion and Win Big: iPad Pro, Apple Pencil, $100 Amazon Gift Card, Free License, 30% OFF" (tEttdKRUpgzuk25389j8hu8nRDbMiLriasn79aVPj)
1407 [2023-10-26 14:16:48.841] [background] [info] -- Removing "Your Friday evening order with Uber Eats" (65GAASPj5hiKKFJLFn4SL7KKv2a5xc7JSoQQZMq4d)
1407 [2023-10-26 14:16:48.843] [background] [info] -- Removing "Your Friday morning order with Uber Eats" (Mx8bBNGuqSgTBynQQUyrjfuCGPypMk3ua28vrSUZB)
1407 [2023-10-26 14:16:48.845] [background] [info] -- Removing "Your Thursday evening order with Uber Eats" (2U38zoV85LVzH1Z6upkYsc9cCwnxdJDZy7F37SraW)
1407 [2023-10-26 14:16:48.855] [background] [info] Sync loop complete.
1407 [2023-10-26 14:18:48.856] [background] [info] Syncing folder list...
1407 [2023-10-26 14:18:49.671] [background] [info] syncFolderUIDRange for [Gmail]/All Mail, UIDs: 6787 - 7382, Heavy: false
1407 [2023-10-26 14:18:50.624] [background] [info] - [Gmail]/All Mail: remote=400, local=400, remoteUID=21JcW4SBsjUvodJpgL75Y6XydM3aKAFgtNdNJ45kF
1407 [2023-10-26 14:18:51.075] [background] [info] syncFolderUIDRange for [Gmail]/Bin, UIDs: 1 - 891, Heavy: false
1407 [2023-10-26 14:18:51.897] [background] [info] - [Gmail]/Bin: remote=2, local=2, remoteUID=mXCHYnH2xkCEAwVQCUvuT9bM1T6E8V2AtGVjgJHvm
1407 [2023-10-26 14:18:52.321] [background] [info] syncFolderUIDRange for [Gmail]/Spam, UIDs: 1 - 795, Heavy: false
1407 [2023-10-26 14:18:53.173] [background] [info] - [Gmail]/Spam: remote=110, local=110, remoteUID=Cksxo4Ye6YWeXpt1HqBHyT6pq33XdqfvCSqx1pBNN
1407 [2023-10-26 14:18:53.175] [background] [info] Sync loop deleting unlinked messages with phase 2.
1407 [2023-10-26 14:18:53.183] [background] [info] Sync loop complete.
1407 [2023-10-26 14:20:53.184] [background] [info] Syncing folder list...
1407 [2023-10-26 14:20:54.016] [background] [info] syncFolderUIDRange for [Gmail]/All Mail, UIDs: 6787 - 7382, Heavy: false
1407 [2023-10-26 14:20:54.986] [background] [info] - [Gmail]/All Mail: remote=400, local=400, remoteUID=21JcW4SBsjUvodJpgL75Y6XydM3aKAFgtNdNJ45kF
1407 [2023-10-26 14:20:55.434] [background] [info] syncFolderUIDRange for [Gmail]/Bin, UIDs: 1 - 891, Heavy: false
1407 [2023-10-26 14:20:56.249] [background] [info] - [Gmail]/Bin: remote=2, local=2, remoteUID=mXCHYnH2xkCEAwVQCUvuT9bM1T6E8V2AtGVjgJHvm
1407 [2023-10-26 14:20:56.657] [background] [info] syncFolderUIDRange for [Gmail]/Spam, UIDs: 1 - 795, Heavy: false
1407 [2023-10-26 14:20:57.512] [background] [info] - [Gmail]/Spam: remote=110, local=110, remoteUID=Cksxo4Ye6YWeXpt1HqBHyT6pq33XdqfvCSqx1pBNN
1407 [2023-10-26 14:20:57.513] [background] [info] Sync loop deleting unlinked messages with phase 1.
1407 [2023-10-26 14:20:57.516] [background] [info] Sync loop complete.
1407 [2023-10-26 14:22:57.517] [background] [info] Syncing folder list...
1407 [2023-10-26 14:22:58.317] [background] [info] syncFolderUIDRange for [Gmail]/All Mail, UIDs: 6787 - 7382, Heavy: false
1407 [2023-10-26 14:22:59.298] [background] [info] - [Gmail]/All Mail: remote=400, local=400, remoteUID=21JcW4SBsjUvodJpgL75Y6XydM3aKAFgtNdNJ45kF
1407 [2023-10-26 14:22:59.727] [background] [info] syncFolderUIDRange for [Gmail]/Bin, UIDs: 1 - 891, Heavy: false
1407 [2023-10-26 14:23:00.552] [background] [info] - [Gmail]/Bin: remote=2, local=2, remoteUID=mXCHYnH2xkCEAwVQCUvuT9bM1T6E8V2AtGVjgJHvm
1407 [2023-10-26 14:23:00.958] [background] [info] syncFolderUIDRange for [Gmail]/Spam, UIDs: 1 - 795, Heavy: false
1407 [2023-10-26 14:23:01.798] [background] [info] - [Gmail]/Spam: remote=110, local=110, remoteUID=Cksxo4Ye6YWeXpt1HqBHyT6pq33XdqfvCSqx1pBNN
1407 [2023-10-26 14:23:01.799] [background] [info] Sync loop deleting unlinked messages with phase 2.
1407 [2023-10-26 14:23:01.802] [background] [info] Sync loop complete.
1407 [2023-10-26 14:25:01.803] [background] [info] Syncing folder list...
1407 [2023-10-26 14:25:02.670] [background] [info] syncFolderUIDRange for [Gmail]/All Mail, UIDs: 6787 - 7382, Heavy: false
1407 [2023-10-26 14:25:03.615] [background] [info] - [Gmail]/All Mail: remote=400, local=400, remoteUID=21JcW4SBsjUvodJpgL75Y6XydM3aKAFgtNdNJ45kF
1407 [2023-10-26 14:25:04.057] [background] [info] syncFolderUIDRange for [Gmail]/Bin, UIDs: 1 - 891, Heavy: false
1407 [2023-10-26 14:25:04.863] [background] [info] - [Gmail]/Bin: remote=2, local=2, remoteUID=mXCHYnH2xkCEAwVQCUvuT9bM1T6E8V2AtGVjgJHvm
1407 [2023-10-26 14:25:05.261] [background] [info] syncFolderUIDRange for [Gmail]/Spam, UIDs: 1 - 795, Heavy: false
1407 [2023-10-26 14:25:06.099] [background] [info] - [Gmail]/Spam: remote=110, local=110, remoteUID=Cksxo4Ye6YWeXpt1HqBHyT6pq33XdqfvCSqx1pBNN
1407 [2023-10-26 14:25:06.102] [background] [info] Sync loop deleting unlinked messages with phase 1.
1407 [2023-10-26 14:25:06.110] [background] [info] Sync loop complete.
1407 [2023-10-26 14:27:06.110] [background] [info] Syncing folder list...
1407 [2023-10-26 14:27:06.904] [background] [info] syncFolderUIDRange for [Gmail]/All Mail, UIDs: 1 - 0, Heavy: false
1407 [2023-10-26 14:27:09.456] [background] [info] - [Gmail]/All Mail: remote=5629, local=5629, remoteUID=21JcW4SBsjUvodJpgL75Y6XydM3aKAFgtNdNJ45kF
1407 [2023-10-26 14:27:09.905] [background] [info] syncFolderUIDRange for [Gmail]/Bin, UIDs: 1 - 0, Heavy: false
1407 [2023-10-26 14:27:10.724] [background] [info] - [Gmail]/Bin: remote=2, local=2, remoteUID=mXCHYnH2xkCEAwVQCUvuT9bM1T6E8V2AtGVjgJHvm
1407 [2023-10-26 14:27:11.120] [background] [info] syncFolderUIDRange for [Gmail]/Spam, UIDs: 1 - 0, Heavy: false
1407 [2023-10-26 14:27:11.973] [background] [info] - [Gmail]/Spam: remote=110, local=110, remoteUID=Cksxo4Ye6YWeXpt1HqBHyT6pq33XdqfvCSqx1pBNN
1407 [2023-10-26 14:27:11.976] [background] [info] Sync loop deleting unlinked messages with phase 2.
1407 [2023-10-26 14:27:11.984] [background] [info] Sync loop complete.
1407 [2023-10-26 14:29:11.984] [background] [info] Syncing folder list...
1407 [2023-10-26 14:29:12.796] [background] [info] syncFolderUIDRange for [Gmail]/All Mail, UIDs: 6787 - 7382, Heavy: false
1407 [2023-10-26 14:29:13.837] [background] [info] - [Gmail]/All Mail: remote=400, local=400, remoteUID=21JcW4SBsjUvodJpgL75Y6XydM3aKAFgtNdNJ45kF
1407 [2023-10-26 14:29:14.274] [background] [info] syncFolderUIDRange for [Gmail]/Bin, UIDs: 1 - 891, Heavy: false
1407 [2023-10-26 14:29:15.121] [background] [info] - [Gmail]/Bin: remote=2, local=2, remoteUID=mXCHYnH2xkCEAwVQCUvuT9bM1T6E8V2AtGVjgJHvm
1407 [2023-10-26 14:29:15.531] [background] [info] syncFolderUIDRange for [Gmail]/Spam, UIDs: 1 - 795, Heavy: false
1407 [2023-10-26 14:29:16.372] [background] [info] - [Gmail]/Spam: remote=110, local=110, remoteUID=Cksxo4Ye6YWeXpt1HqBHyT6pq33XdqfvCSqx1pBNN
1407 [2023-10-26 14:29:16.375] [background] [info] Sync loop deleting unlinked messages with phase 1.
1407 [2023-10-26 14:29:16.383] [background] [info] Sync loop complete.
1407 [2023-10-26 14:31:16.383] [background] [info] Syncing folder list...
1407 [2023-10-26 14:31:17.178] [background] [info] syncFolderUIDRange for [Gmail]/All Mail, UIDs: 6787 - 7382, Heavy: false
1407 [2023-10-26 14:31:18.104] [background] [info] - [Gmail]/All Mail: remote=400, local=400, remoteUID=21JcW4SBsjUvodJpgL75Y6XydM3aKAFgtNdNJ45kF
1407 [2023-10-26 14:31:18.530] [background] [info] syncFolderUIDRange for [Gmail]/Bin, UIDs: 1 - 891, Heavy: false
1407 [2023-10-26 14:31:19.333] [background] [info] - [Gmail]/Bin: remote=2, local=2, remoteUID=mXCHYnH2xkCEAwVQCUvuT9bM1T6E8V2AtGVjgJHvm
1407 [2023-10-26 14:31:19.728] [background] [info] syncFolderUIDRange for [Gmail]/Spam, UIDs: 1 - 795, Heavy: false
1407 [2023-10-26 14:31:20.563] [background] [info] - [Gmail]/Spam: remote=110, local=110, remoteUID=Cksxo4Ye6YWeXpt1HqBHyT6pq33XdqfvCSqx1pBNN
1407 [2023-10-26 14:31:20.566] [background] [info] Sync loop deleting unlinked messages with phase 2.
1407 [2023-10-26 14:31:20.574] [background] [info] Sync loop complete.
70941 [2023-10-26 16:05:48.124] [main] [info] Identity created at 1698296748 - using ID Schema 1
70941 [2023-10-26 16:05:48.138] [main] [info] ------------- Starting Sync (dungnguyen10082000@gmail.com) ---------------
70941 [2023-10-26 16:05:48.145] [metadata] [info] Metadata sync disabled, not logged in.
70941 [2023-10-26 16:05:50.151] [background] [info] Fetching XOAuth2 access token (gmail) for 524aa2e4
70941 [2023-10-26 16:05:50.436] [background] [info] Marking all folders as `busy`
70941 [2023-10-26 16:05:50.445] [background] [info] Syncing folder list...
70941 [2023-10-26 16:05:51.016] [main] [info] [local-6c201529-e58c] Running ChangeUnreadTask performLocal:
70941 [2023-10-26 16:05:51.033] [main] [info] [local-6c201529-e58c] -- Succeeded. Changing status to `remote`
70941 [2023-10-26 16:05:52.461] [main] [info] [local-12ee6c3c-31ca] Running ChangeUnreadTask performLocal:
70941 [2023-10-26 16:05:52.473] [main] [info] [local-12ee6c3c-31ca] -- Succeeded. Changing status to `remote`
70941 [2023-10-26 16:05:53.426] [background] [info] Syncing folder list...
70941 [2023-10-26 16:05:54.343] [background] [info] syncFolderUIDRange for [Gmail]/All Mail, UIDs: 7382 - 7384, Heavy: true
70941 [2023-10-26 16:05:55.154] [background] [info] - [Gmail]/All Mail: remote=2, local=0, remoteUID=21JcW4SBsjUvodJpgL75Y6XydM3aKAFgtNdNJ45kF
70941 [2023-10-26 16:05:56.671] [background] [info] syncFolderUIDRange for [Gmail]/All Mail, UIDs: 6787 - 7384, Heavy: false
70941 [2023-10-26 16:05:57.286] [background] [info] - [Gmail]/All Mail: remote=402, local=402, remoteUID=21JcW4SBsjUvodJpgL75Y6XydM3aKAFgtNdNJ45kF
70941 [2023-10-26 16:05:57.293] [background] [info] - Fetching full headers for 1 (of 1 needed)
70941 [2023-10-26 16:05:57.705] [background] [warning] Ignoring changes to You authorised a payment to Uber Australia Pty Ltd, local data is newer 1698296757 < 1698383152
70941 [2023-10-26 16:05:57.802] [background] [info] Cleaning local cache and updating stats
70941 [2023-10-26 16:05:57.909] [background] [info] -- 0 message bodies deleted from local cache.
70941 [2023-10-26 16:05:58.591] [background] [warning] [SLOW] Transaction=saveFolderStatus > 80ms (96ms, 95 waiting to aquire)
70941 [2023-10-26 16:05:58.812] [main] [info] [local-e2b9bf1e-d6a7] Running ChangeUnreadTask performLocal:
70941 [2023-10-26 16:05:58.819] [main] [info] [local-e2b9bf1e-d6a7] -- Succeeded. Changing status to `remote`
70941 [2023-10-26 16:05:58.979] [background] [info] syncFolderUIDRange for [Gmail]/Bin, UIDs: 1 - 891, Heavy: false
70941 [2023-10-26 16:05:59.584] [foreground] [info] [local-6c201529-e58c] Running ChangeUnreadTask performRemote:
70941 [2023-10-26 16:05:59.771] [background] [info] - [Gmail]/Bin: remote=2, local=2, remoteUID=mXCHYnH2xkCEAwVQCUvuT9bM1T6E8V2AtGVjgJHvm
70941 [2023-10-26 16:05:59.771] [background] [info] Cleaning local cache and updating stats
70941 [2023-10-26 16:05:59.847] [background] [info] -- 0 message bodies deleted from local cache.
70941 [2023-10-26 16:05:59.942] [main] [info] [local-7de2fdc4-f2ba] Running ChangeUnreadTask performLocal:
70941 [2023-10-26 16:05:59.947] [main] [info] [local-7de2fdc4-f2ba] -- Succeeded. Changing status to `remote`
70941 [2023-10-26 16:06:00.248] [background] [info] syncFolderUIDRange for [Gmail]/Spam, UIDs: 1 - 795, Heavy: false
70941 [2023-10-26 16:06:00.390] [foreground] [info] [local-6c201529-e58c] -- Succeeded. Changing status to `complete`
70941 [2023-10-26 16:06:00.390] [foreground] [info] [local-12ee6c3c-31ca] Running ChangeUnreadTask performRemote:
70941 [2023-10-26 16:06:01.024] [foreground] [info] [local-12ee6c3c-31ca] -- Succeeded. Changing status to `complete`
70941 [2023-10-26 16:06:01.024] [foreground] [info] [local-e2b9bf1e-d6a7] Running ChangeUnreadTask performRemote:
70941 [2023-10-26 16:06:01.070] [background] [info] - [Gmail]/Spam: remote=107, local=110, remoteUID=Cksxo4Ye6YWeXpt1HqBHyT6pq33XdqfvCSqx1pBNN
70941 [2023-10-26 16:06:01.071] [background] [info] Unlinking messages  WHERE remoteFolderId = ? AND remoteUID IN (?,?,?) no longer present in remote range.
70941 [2023-10-26 16:06:01.102] [background] [info] -- 3 matches.
70941 [2023-10-26 16:06:01.102] [background] [info] -- Unlinking "HitPaw AI Voice Changer V1.1.0 New Released!!! Save Big Now" (jDFXtxxh5t5WYkUov5aTkhdnfmY8bsGCZ7qMtXsRi)
70941 [2023-10-26 16:06:01.105] [background] [info] -- Unlinking "Your Tuesday morning order with Uber Eats" (FRswNbwf14xDALSDhtMAiWrxKhR68uUxt8cqx2JU)
70941 [2023-10-26 16:06:01.108] [background] [info] -- Unlinking "[Chỉ còn 4 ngày] ÁP DỤNG HỌC PHÍ CŨ 2023 & VOUCHER ƯU ĐÃI CHƯA TỪNG CÓ" (P8Qj8ubSaCcvgh4xVvtwbUassoWbZmybhusVumHw4)
70941 [2023-10-26 16:06:01.110] [background] [info] Cleaning local cache and updating stats
70941 [2023-10-26 16:06:01.122] [background] [info] -- 0 message bodies deleted from local cache.
70941 [2023-10-26 16:06:01.139] [background] [info] Sync loop deleting unlinked messages with phase 2.
70941 [2023-10-26 16:06:01.143] [background] [info] Sync loop complete.
70941 [2023-10-26 16:06:01.622] [foreground] [info] [local-e2b9bf1e-d6a7] -- Succeeded. Changing status to `complete`
70941 [2023-10-26 16:06:01.623] [foreground] [info] [local-7de2fdc4-f2ba] Running ChangeUnreadTask performRemote:
70941 [2023-10-26 16:06:02.228] [foreground] [info] [local-7de2fdc4-f2ba] -- Succeeded. Changing status to `complete`
70941 [2023-10-26 16:06:02.634] [foreground] [info] syncFolderChangesViaCondstore - [Gmail]/All Mail: modseq 883713 to 884055, uidnext 7384 to 7384
70941 [2023-10-26 16:06:03.049] [foreground] [info] syncFolderChangesViaCondstore - Changes since HMODSEQ 883713: 4 changed, 0 vanished
70941 [2023-10-26 16:06:03.113] [foreground] [info] Idling on folder [Gmail]/All Mail
70941 [2023-10-26 16:06:03.141] [metadataExpiration] [info] Scanning for expired metadata
70941 [2023-10-26 16:06:03.141] [metadataExpiration] [info] -- Will wake for next expiration in 7200sec
70941 [2023-10-26 16:08:01.144] [background] [info] Syncing folder list...
70941 [2023-10-26 16:08:01.936] [background] [info] syncFolderUIDRange for [Gmail]/All Mail, UIDs: 1 - 0, Heavy: false
70941 [2023-10-26 16:08:04.504] [background] [info] - [Gmail]/All Mail: remote=5631, local=5631, remoteUID=21JcW4SBsjUvodJpgL75Y6XydM3aKAFgtNdNJ45kF
70941 [2023-10-26 16:08:05.015] [background] [info] syncFolderUIDRange for [Gmail]/Bin, UIDs: 1 - 0, Heavy: false
70941 [2023-10-26 16:08:05.822] [background] [info] - [Gmail]/Bin: remote=2, local=2, remoteUID=mXCHYnH2xkCEAwVQCUvuT9bM1T6E8V2AtGVjgJHvm
70941 [2023-10-26 16:08:06.211] [background] [info] syncFolderUIDRange for [Gmail]/Spam, UIDs: 1 - 0, Heavy: false
70941 [2023-10-26 16:08:07.035] [background] [info] - [Gmail]/Spam: remote=107, local=108, remoteUID=Cksxo4Ye6YWeXpt1HqBHyT6pq33XdqfvCSqx1pBNN
70941 [2023-10-26 16:08:07.035] [background] [info] Unlinking messages  WHERE remoteFolderId = ? AND remoteUID IN (?) no longer present in remote range.
70941 [2023-10-26 16:08:07.050] [background] [info] -- 3 matches.
70941 [2023-10-26 16:08:07.051] [background] [info] Sync loop deleting unlinked messages with phase 1.
70941 [2023-10-26 16:08:07.054] [background] [info] -- Removing 3 unlinked messages
70941 [2023-10-26 16:08:07.054] [background] [info] -- Removing "HitPaw AI Voice Changer V1.1.0 New Released!!! Save Big Now" (jDFXtxxh5t5WYkUov5aTkhdnfmY8bsGCZ7qMtXsRi)
70941 [2023-10-26 16:08:07.057] [background] [info] -- Removing "Your Tuesday morning order with Uber Eats" (FRswNbwf14xDALSDhtMAiWrxKhR68uUxt8cqx2JU)
70941 [2023-10-26 16:08:07.065] [background] [info] -- Removing "[Chỉ còn 4 ngày] ÁP DỤNG HỌC PHÍ CŨ 2023 & VOUCHER ƯU ĐÃI CHƯA TỪNG CÓ" (P8Qj8ubSaCcvgh4xVvtwbUassoWbZmybhusVumHw4)
70941 [2023-10-26 16:08:07.075] [background] [info] Sync loop complete.
70941 [2023-10-26 16:10:07.075] [background] [info] Syncing folder list...
70941 [2023-10-26 16:10:07.859] [background] [info] syncFolderUIDRange for [Gmail]/All Mail, UIDs: 6789 - 7384, Heavy: false
70941 [2023-10-26 16:10:08.788] [background] [info] - [Gmail]/All Mail: remote=400, local=400, remoteUID=21JcW4SBsjUvodJpgL75Y6XydM3aKAFgtNdNJ45kF
70941 [2023-10-26 16:10:09.221] [background] [info] syncFolderUIDRange for [Gmail]/Bin, UIDs: 1 - 891, Heavy: false
70941 [2023-10-26 16:10:10.014] [background] [info] - [Gmail]/Bin: remote=2, local=2, remoteUID=mXCHYnH2xkCEAwVQCUvuT9bM1T6E8V2AtGVjgJHvm
70941 [2023-10-26 16:10:10.405] [background] [info] syncFolderUIDRange for [Gmail]/Spam, UIDs: 1 - 795, Heavy: false
70941 [2023-10-26 16:10:11.226] [background] [info] - [Gmail]/Spam: remote=107, local=107, remoteUID=Cksxo4Ye6YWeXpt1HqBHyT6pq33XdqfvCSqx1pBNN
70941 [2023-10-26 16:10:11.228] [background] [info] Sync loop deleting unlinked messages with phase 2.
70941 [2023-10-26 16:10:11.234] [background] [info] Sync loop complete.
14880 [2023-10-27 17:49:37.140] [main] [info] Identity created at 1698389377 - using ID Schema 1
14880 [2023-10-27 17:49:37.151] [main] [info] ------------- Starting Sync (dungnguyen10082000@gmail.com) ---------------
14880 [2023-10-27 17:49:37.161] [metadata] [info] Metadata sync disabled, not logged in.
14880 [2023-10-27 17:49:39.156] [background] [info] Fetching XOAuth2 access token (gmail) for 524aa2e4
14880 [2023-10-27 17:49:39.483] [background] [info] Marking all folders as `busy`
14880 [2023-10-27 17:49:39.489] [background] [info] Syncing folder list...
14880 [2023-10-27 17:49:42.616] [background] [info] Syncing folder list...
14880 [2023-10-27 17:49:43.421] [background] [info] syncFolderUIDRange for [Gmail]/All Mail, UIDs: 7384 - 7408, Heavy: true
14880 [2023-10-27 17:49:44.277] [background] [info] - [Gmail]/All Mail: remote=22, local=0, remoteUID=21JcW4SBsjUvodJpgL75Y6XydM3aKAFgtNdNJ45kF
14880 [2023-10-27 17:49:46.413] [foreground] [info] syncFolderChangesViaCondstore - [Gmail]/All Mail: modseq 884055 to 886635, uidnext 7384 to 7408
14880 [2023-10-27 17:49:47.311] [foreground] [info] syncFolderChangesViaCondstore - Changes since HMODSEQ 884055: 22 changed, 0 vanished
14880 [2023-10-27 17:49:49.677] [main] [info] [local-a0820b6e-6e33] Running ChangeUnreadTask performLocal:
14880 [2023-10-27 17:49:49.681] [main] [info] [local-a0820b6e-6e33] -- Succeeded. Changing status to `remote`
14880 [2023-10-27 17:49:50.734] [main] [info] [local-7e8747c2-4f33] Running ChangeUnreadTask performLocal:
14880 [2023-10-27 17:49:50.738] [main] [info] [local-7e8747c2-4f33] -- Succeeded. Changing status to `remote`
14880 [2023-10-27 17:49:52.155] [metadataExpiration] [info] Scanning for expired metadata
14880 [2023-10-27 17:49:52.155] [metadataExpiration] [info] -- Will wake for next expiration in 7200sec
14880 [2023-10-27 17:49:54.201] [background] [info] syncFolderUIDRange for [Gmail]/All Mail, UIDs: 6789 - 7408, Heavy: false
14880 [2023-10-27 17:49:54.806] [background] [info] - [Gmail]/All Mail: remote=422, local=422, remoteUID=21JcW4SBsjUvodJpgL75Y6XydM3aKAFgtNdNJ45kF
14880 [2023-10-27 17:49:54.812] [background] [info] - Fetching full headers for 2 (of 2 needed)
14880 [2023-10-27 17:49:54.874] [foreground] [info] [local-a0820b6e-6e33] Running ChangeUnreadTask performRemote:
14880 [2023-10-27 17:49:55.228] [background] [warning] Ignoring changes to Cardless Cash Withdrawal, local data is newer 1698389394 < 1698475790
14880 [2023-10-27 17:49:55.234] [background] [warning] Ignoring changes to The November Events Calendar is HERE! Open to see what’s on…, local data is newer 1698389394 < 1698475789
14880 [2023-10-27 17:49:55.290] [background] [info] Cleaning local cache and updating stats
14880 [2023-10-27 17:49:55.335] [background] [info] -- 0 message bodies deleted from local cache.
14880 [2023-10-27 17:49:55.921] [foreground] [info] [local-a0820b6e-6e33] -- Succeeded. Changing status to `complete`
14880 [2023-10-27 17:49:55.922] [foreground] [info] [local-7e8747c2-4f33] Running ChangeUnreadTask performRemote:
14880 [2023-10-27 17:49:56.141] [background] [info] syncFolderUIDRange for [Gmail]/Bin, UIDs: 1 - 891, Heavy: false
14880 [2023-10-27 17:49:56.610] [foreground] [info] [local-7e8747c2-4f33] -- Succeeded. Changing status to `complete`
14880 [2023-10-27 17:49:57.017] [background] [info] - [Gmail]/Bin: remote=2, local=2, remoteUID=mXCHYnH2xkCEAwVQCUvuT9bM1T6E8V2AtGVjgJHvm
14880 [2023-10-27 17:49:57.017] [background] [info] Cleaning local cache and updating stats
14880 [2023-10-27 17:49:57.033] [foreground] [info] syncFolderChangesViaCondstore - [Gmail]/All Mail: modseq 886635 to 886747, uidnext 7408 to 7408
14880 [2023-10-27 17:49:57.049] [background] [info] -- 0 message bodies deleted from local cache.
14880 [2023-10-27 17:49:57.454] [foreground] [info] syncFolderChangesViaCondstore - Changes since HMODSEQ 886635: 2 changed, 0 vanished
14880 [2023-10-27 17:49:57.475] [foreground] [info] Idling on folder [Gmail]/All Mail
14880 [2023-10-27 17:49:57.487] [background] [info] syncFolderUIDRange for [Gmail]/Spam, UIDs: 795 - 797, Heavy: true
14880 [2023-10-27 17:49:58.323] [background] [info] - [Gmail]/Spam: remote=2, local=0, remoteUID=Cksxo4Ye6YWeXpt1HqBHyT6pq33XdqfvCSqx1pBNN
14880 [2023-10-27 17:49:58.333] [background] [info] syncFolderUIDRange for [Gmail]/Spam, UIDs: 1 - 797, Heavy: false
14880 [2023-10-27 17:49:58.852] [background] [info] - [Gmail]/Spam: remote=107, local=109, remoteUID=Cksxo4Ye6YWeXpt1HqBHyT6pq33XdqfvCSqx1pBNN
14880 [2023-10-27 17:49:58.853] [background] [info] Unlinking messages  WHERE remoteFolderId = ? AND remoteUID IN (?,?) no longer present in remote range.
14880 [2023-10-27 17:49:58.910] [background] [info] -- 2 matches.
14880 [2023-10-27 17:49:58.910] [background] [info] -- Unlinking "Your Wednesday morning order with Uber Eats" (F6C9PvLspTtqSwno6ZFwv4sYz4sZ6ssQH7pBJZMfG)
14880 [2023-10-27 17:49:58.913] [background] [info] -- Unlinking "HitPaw AI Voice Changer V1.1.0 New Released!!! Save Big Now" (Vy14jrvL9UWXXmQvWTXcPvUGFCVKcLD1Cb3Rw8bbH)
14880 [2023-10-27 17:49:58.916] [background] [info] Cleaning local cache and updating stats
14880 [2023-10-27 17:49:58.929] [background] [info] -- 0 message bodies deleted from local cache.
14880 [2023-10-27 17:49:58.939] [background] [info] Sync loop deleting unlinked messages with phase 2.
14880 [2023-10-27 17:49:58.942] [background] [info] Sync loop complete.
14880 [2023-10-27 17:51:58.942] [background] [info] Syncing folder list...
14880 [2023-10-27 17:51:59.748] [background] [info] syncFolderUIDRange for [Gmail]/All Mail, UIDs: 1 - 0, Heavy: false
14880 [2023-10-27 17:52:02.488] [background] [info] - [Gmail]/All Mail: remote=5653, local=5653, remoteUID=21JcW4SBsjUvodJpgL75Y6XydM3aKAFgtNdNJ45kF
14880 [2023-10-27 17:52:02.969] [background] [info] syncFolderUIDRange for [Gmail]/Bin, UIDs: 1 - 0, Heavy: false
14880 [2023-10-27 17:52:03.978] [background] [info] - [Gmail]/Bin: remote=2, local=2, remoteUID=mXCHYnH2xkCEAwVQCUvuT9bM1T6E8V2AtGVjgJHvm
14880 [2023-10-27 17:52:04.396] [background] [info] syncFolderUIDRange for [Gmail]/Spam, UIDs: 1 - 0, Heavy: false
14880 [2023-10-27 17:52:05.246] [background] [info] - [Gmail]/Spam: remote=107, local=108, remoteUID=Cksxo4Ye6YWeXpt1HqBHyT6pq33XdqfvCSqx1pBNN
14880 [2023-10-27 17:52:05.248] [background] [info] Unlinking messages  WHERE remoteFolderId = ? AND remoteUID IN (?) no longer present in remote range.
14880 [2023-10-27 17:52:05.265] [background] [info] -- 2 matches.
14880 [2023-10-27 17:52:05.266] [background] [info] Sync loop deleting unlinked messages with phase 1.
14880 [2023-10-27 17:52:05.270] [background] [info] -- Removing 2 unlinked messages
14880 [2023-10-27 17:52:05.270] [background] [info] -- Removing "Your Wednesday morning order with Uber Eats" (F6C9PvLspTtqSwno6ZFwv4sYz4sZ6ssQH7pBJZMfG)
14880 [2023-10-27 17:52:05.272] [background] [info] -- Removing "HitPaw AI Voice Changer V1.1.0 New Released!!! Save Big Now" (Vy14jrvL9UWXXmQvWTXcPvUGFCVKcLD1Cb3Rw8bbH)
14880 [2023-10-27 17:52:05.275] [background] [info] Sync loop complete.
14880 [2023-10-27 17:54:05.276] [background] [info] Syncing folder list...
14880 [2023-10-27 17:54:06.183] [background] [info] syncFolderUIDRange for [Gmail]/All Mail, UIDs: 6831 - 7408, Heavy: false
14880 [2023-10-27 17:54:07.124] [background] [info] - [Gmail]/All Mail: remote=400, local=400, remoteUID=21JcW4SBsjUvodJpgL75Y6XydM3aKAFgtNdNJ45kF
14880 [2023-10-27 17:54:07.551] [background] [info] syncFolderUIDRange for [Gmail]/Bin, UIDs: 1 - 891, Heavy: false
14880 [2023-10-27 17:54:08.379] [background] [info] - [Gmail]/Bin: remote=2, local=2, remoteUID=mXCHYnH2xkCEAwVQCUvuT9bM1T6E8V2AtGVjgJHvm
14880 [2023-10-27 17:54:08.795] [background] [info] syncFolderUIDRange for [Gmail]/Spam, UIDs: 1 - 797, Heavy: false
14880 [2023-10-27 17:54:09.735] [background] [info] - [Gmail]/Spam: remote=107, local=107, remoteUID=Cksxo4Ye6YWeXpt1HqBHyT6pq33XdqfvCSqx1pBNN
14880 [2023-10-27 17:54:09.736] [background] [info] Sync loop deleting unlinked messages with phase 2.
14880 [2023-10-27 17:54:09.739] [background] [info] Sync loop complete.
14880 [2023-10-27 17:56:09.739] [background] [info] Syncing folder list...
14880 [2023-10-27 17:56:10.562] [background] [info] syncFolderUIDRange for [Gmail]/All Mail, UIDs: 6831 - 7408, Heavy: false
14880 [2023-10-27 17:56:11.530] [background] [info] - [Gmail]/All Mail: remote=400, local=400, remoteUID=21JcW4SBsjUvodJpgL75Y6XydM3aKAFgtNdNJ45kF
14880 [2023-10-27 17:56:11.955] [background] [info] syncFolderUIDRange for [Gmail]/Bin, UIDs: 1 - 891, Heavy: false
14880 [2023-10-27 17:56:12.775] [background] [info] - [Gmail]/Bin: remote=2, local=2, remoteUID=mXCHYnH2xkCEAwVQCUvuT9bM1T6E8V2AtGVjgJHvm
14880 [2023-10-27 17:56:13.195] [background] [info] syncFolderUIDRange for [Gmail]/Spam, UIDs: 1 - 797, Heavy: false
14880 [2023-10-27 17:56:14.046] [background] [info] - [Gmail]/Spam: remote=107, local=107, remoteUID=Cksxo4Ye6YWeXpt1HqBHyT6pq33XdqfvCSqx1pBNN
14880 [2023-10-27 17:56:14.047] [background] [info] Sync loop deleting unlinked messages with phase 1.
14880 [2023-10-27 17:56:14.051] [background] [info] Sync loop complete.
14880 [2023-10-27 17:58:14.051] [background] [info] Syncing folder list...
14880 [2023-10-27 17:58:14.873] [background] [info] syncFolderUIDRange for [Gmail]/All Mail, UIDs: 6831 - 7408, Heavy: false
14880 [2023-10-27 17:58:15.921] [background] [info] - [Gmail]/All Mail: remote=400, local=400, remoteUID=21JcW4SBsjUvodJpgL75Y6XydM3aKAFgtNdNJ45kF
14880 [2023-10-27 17:58:16.438] [background] [info] syncFolderUIDRange for [Gmail]/Bin, UIDs: 1 - 891, Heavy: false
14880 [2023-10-27 17:58:17.272] [background] [info] - [Gmail]/Bin: remote=2, local=2, remoteUID=mXCHYnH2xkCEAwVQCUvuT9bM1T6E8V2AtGVjgJHvm
14880 [2023-10-27 17:58:17.800] [background] [info] syncFolderUIDRange for [Gmail]/Spam, UIDs: 1 - 797, Heavy: false
14880 [2023-10-27 17:58:18.663] [background] [info] - [Gmail]/Spam: remote=107, local=107, remoteUID=Cksxo4Ye6YWeXpt1HqBHyT6pq33XdqfvCSqx1pBNN
14880 [2023-10-27 17:58:18.664] [background] [info] Sync loop deleting unlinked messages with phase 2.
14880 [2023-10-27 17:58:18.668] [background] [info] Sync loop complete.
14880 [2023-10-27 18:00:18.669] [background] [info] Syncing folder list...
14880 [2023-10-27 18:00:19.521] [background] [info] syncFolderUIDRange for [Gmail]/All Mail, UIDs: 6831 - 7408, Heavy: false
14880 [2023-10-27 18:00:20.475] [background] [info] - [Gmail]/All Mail: remote=400, local=400, remoteUID=21JcW4SBsjUvodJpgL75Y6XydM3aKAFgtNdNJ45kF
14880 [2023-10-27 18:00:20.940] [background] [info] syncFolderUIDRange for [Gmail]/Bin, UIDs: 1 - 891, Heavy: false
14880 [2023-10-27 18:00:21.762] [background] [info] - [Gmail]/Bin: remote=2, local=2, remoteUID=mXCHYnH2xkCEAwVQCUvuT9bM1T6E8V2AtGVjgJHvm
14880 [2023-10-27 18:00:22.154] [background] [info] syncFolderUIDRange for [Gmail]/Spam, UIDs: 1 - 797, Heavy: false
14880 [2023-10-27 18:00:23.031] [background] [info] - [Gmail]/Spam: remote=107, local=107, remoteUID=Cksxo4Ye6YWeXpt1HqBHyT6pq33XdqfvCSqx1pBNN
14880 [2023-10-27 18:00:23.033] [background] [info] Sync loop deleting unlinked messages with phase 1.
14880 [2023-10-27 18:00:23.036] [background] [info] Sync loop complete.
14880 [2023-10-27 18:02:23.036] [background] [info] Syncing folder list...
14880 [2023-10-27 18:02:23.917] [background] [info] syncFolderUIDRange for [Gmail]/All Mail, UIDs: 1 - 0, Heavy: false
14880 [2023-10-27 18:02:26.645] [background] [info] - [Gmail]/All Mail: remote=5653, local=5653, remoteUID=21JcW4SBsjUvodJpgL75Y6XydM3aKAFgtNdNJ45kF
14880 [2023-10-27 18:02:27.529] [background] [info] syncFolderUIDRange for [Gmail]/Bin, UIDs: 1 - 0, Heavy: false
14880 [2023-10-27 18:02:28.369] [background] [info] - [Gmail]/Bin: remote=2, local=2, remoteUID=mXCHYnH2xkCEAwVQCUvuT9bM1T6E8V2AtGVjgJHvm
14880 [2023-10-27 18:02:28.785] [background] [info] syncFolderUIDRange for [Gmail]/Spam, UIDs: 1 - 0, Heavy: false
14880 [2023-10-27 18:02:29.628] [background] [info] - [Gmail]/Spam: remote=107, local=107, remoteUID=Cksxo4Ye6YWeXpt1HqBHyT6pq33XdqfvCSqx1pBNN
14880 [2023-10-27 18:02:29.630] [background] [info] Sync loop deleting unlinked messages with phase 2.
14880 [2023-10-27 18:02:29.634] [background] [info] Sync loop complete.
14880 [2023-10-27 18:04:29.634] [background] [info] Syncing folder list...
14880 [2023-10-27 18:04:30.432] [background] [info] syncFolderUIDRange for [Gmail]/All Mail, UIDs: 6831 - 7408, Heavy: false
14880 [2023-10-27 18:04:31.399] [background] [info] - [Gmail]/All Mail: remote=400, local=400, remoteUID=21JcW4SBsjUvodJpgL75Y6XydM3aKAFgtNdNJ45kF
14880 [2023-10-27 18:04:31.927] [background] [info] syncFolderUIDRange for [Gmail]/Bin, UIDs: 1 - 891, Heavy: false
14880 [2023-10-27 18:04:32.884] [background] [info] - [Gmail]/Bin: remote=2, local=2, remoteUID=mXCHYnH2xkCEAwVQCUvuT9bM1T6E8V2AtGVjgJHvm
14880 [2023-10-27 18:04:33.273] [background] [info] syncFolderUIDRange for [Gmail]/Spam, UIDs: 1 - 797, Heavy: false
14880 [2023-10-27 18:04:34.124] [background] [info] - [Gmail]/Spam: remote=107, local=107, remoteUID=Cksxo4Ye6YWeXpt1HqBHyT6pq33XdqfvCSqx1pBNN
14880 [2023-10-27 18:04:34.125] [background] [info] Sync loop deleting unlinked messages with phase 1.
14880 [2023-10-27 18:04:34.128] [background] [info] Sync loop complete.
14880 [2023-10-27 18:06:34.128] [background] [info] Syncing folder list...
14880 [2023-10-27 18:06:34.971] [background] [info] syncFolderUIDRange for [Gmail]/All Mail, UIDs: 6831 - 7408, Heavy: false
14880 [2023-10-27 18:06:36.012] [background] [info] - [Gmail]/All Mail: remote=400, local=400, remoteUID=21JcW4SBsjUvodJpgL75Y6XydM3aKAFgtNdNJ45kF
14880 [2023-10-27 18:06:36.434] [background] [info] syncFolderUIDRange for [Gmail]/Bin, UIDs: 1 - 891, Heavy: false
14880 [2023-10-27 18:06:37.269] [background] [info] - [Gmail]/Bin: remote=2, local=2, remoteUID=mXCHYnH2xkCEAwVQCUvuT9bM1T6E8V2AtGVjgJHvm
14880 [2023-10-27 18:06:37.691] [background] [info] syncFolderUIDRange for [Gmail]/Spam, UIDs: 1 - 797, Heavy: false
14880 [2023-10-27 18:06:38.548] [background] [info] - [Gmail]/Spam: remote=107, local=107, remoteUID=Cksxo4Ye6YWeXpt1HqBHyT6pq33XdqfvCSqx1pBNN
14880 [2023-10-27 18:06:38.551] [background] [info] Sync loop deleting unlinked messages with phase 2.
14880 [2023-10-27 18:06:38.559] [background] [info] Sync loop complete.
14880 [2023-10-27 18:08:38.559] [background] [info] Syncing folder list...
14880 [2023-10-27 18:08:39.456] [background] [info] syncFolderUIDRange for [Gmail]/All Mail, UIDs: 6831 - 7408, Heavy: false
14880 [2023-10-27 18:08:40.441] [background] [info] - [Gmail]/All Mail: remote=400, local=400, remoteUID=21JcW4SBsjUvodJpgL75Y6XydM3aKAFgtNdNJ45kF
14880 [2023-10-27 18:08:40.971] [background] [info] syncFolderUIDRange for [Gmail]/Bin, UIDs: 1 - 891, Heavy: false
14880 [2023-10-27 18:08:41.879] [background] [info] - [Gmail]/Bin: remote=2, local=2, remoteUID=mXCHYnH2xkCEAwVQCUvuT9bM1T6E8V2AtGVjgJHvm
14880 [2023-10-27 18:08:42.292] [background] [info] syncFolderUIDRange for [Gmail]/Spam, UIDs: 1 - 797, Heavy: false
14880 [2023-10-27 18:08:43.233] [background] [info] - [Gmail]/Spam: remote=107, local=107, remoteUID=Cksxo4Ye6YWeXpt1HqBHyT6pq33XdqfvCSqx1pBNN
14880 [2023-10-27 18:08:43.234] [background] [info] Sync loop deleting unlinked messages with phase 1.
14880 [2023-10-27 18:08:43.236] [background] [info] Sync loop complete.
14880 [2023-10-27 18:10:43.236] [background] [info] Syncing folder list...
14880 [2023-10-27 18:10:44.079] [background] [info] syncFolderUIDRange for [Gmail]/All Mail, UIDs: 6831 - 7408, Heavy: false
14880 [2023-10-27 18:10:45.281] [background] [info] - [Gmail]/All Mail: remote=400, local=400, remoteUID=21JcW4SBsjUvodJpgL75Y6XydM3aKAFgtNdNJ45kF
14880 [2023-10-27 18:10:45.750] [background] [info] syncFolderUIDRange for [Gmail]/Bin, UIDs: 1 - 891, Heavy: false
14880 [2023-10-27 18:10:46.586] [background] [info] - [Gmail]/Bin: remote=2, local=2, remoteUID=mXCHYnH2xkCEAwVQCUvuT9bM1T6E8V2AtGVjgJHvm
14880 [2023-10-27 18:10:47.010] [background] [info] syncFolderUIDRange for [Gmail]/Spam, UIDs: 1 - 797, Heavy: false
14880 [2023-10-27 18:10:47.946] [background] [info] - [Gmail]/Spam: remote=107, local=107, remoteUID=Cksxo4Ye6YWeXpt1HqBHyT6pq33XdqfvCSqx1pBNN
14880 [2023-10-27 18:10:47.948] [background] [info] Sync loop deleting unlinked messages with phase 2.
14880 [2023-10-27 18:10:47.950] [background] [info] Sync loop complete.
14880 [2023-10-27 18:12:47.951] [background] [info] Syncing folder list...
14880 [2023-10-27 18:12:48.789] [background] [info] syncFolderUIDRange for [Gmail]/All Mail, UIDs: 1 - 0, Heavy: false
14880 [2023-10-27 18:12:51.576] [background] [info] - [Gmail]/All Mail: remote=5653, local=5653, remoteUID=21JcW4SBsjUvodJpgL75Y6XydM3aKAFgtNdNJ45kF
14880 [2023-10-27 18:12:52.132] [background] [info] syncFolderUIDRange for [Gmail]/Bin, UIDs: 1 - 0, Heavy: false
14880 [2023-10-27 18:12:53.074] [background] [info] - [Gmail]/Bin: remote=2, local=2, remoteUID=mXCHYnH2xkCEAwVQCUvuT9bM1T6E8V2AtGVjgJHvm
14880 [2023-10-27 18:12:53.804] [background] [info] syncFolderUIDRange for [Gmail]/Spam, UIDs: 1 - 0, Heavy: false
14880 [2023-10-27 18:12:54.746] [background] [info] - [Gmail]/Spam: remote=107, local=107, remoteUID=Cksxo4Ye6YWeXpt1HqBHyT6pq33XdqfvCSqx1pBNN
14880 [2023-10-27 18:12:54.748] [background] [info] Sync loop deleting unlinked messages with phase 1.
14880 [2023-10-27 18:12:54.754] [background] [info] Sync loop complete.
14880 [2023-10-27 18:13:56.247] [foreground] [info] Idle exited with code 0
14880 [2023-10-27 18:13:56.787] [foreground] [info] syncFolderChangesViaCondstore - [Gmail]/All Mail: modseq 886747 to 886813, uidnext 7408 to 7409
14880 [2023-10-27 18:13:57.455] [foreground] [info] syncFolderChangesViaCondstore - Changes since HMODSEQ 886747: 1 changed, 0 vanished
14880 [2023-10-27 18:13:59.921] [foreground] [info] Idling on folder [Gmail]/All Mail
14880 [2023-10-27 18:14:54.754] [background] [info] Syncing folder list...
14880 [2023-10-27 18:14:55.590] [background] [info] syncFolderUIDRange for [Gmail]/All Mail, UIDs: 6832 - 7409, Heavy: false
14880 [2023-10-27 18:14:56.590] [background] [info] - [Gmail]/All Mail: remote=400, local=400, remoteUID=21JcW4SBsjUvodJpgL75Y6XydM3aKAFgtNdNJ45kF
14880 [2023-10-27 18:14:57.054] [background] [info] syncFolderUIDRange for [Gmail]/Bin, UIDs: 1 - 891, Heavy: false
14880 [2023-10-27 18:14:58.106] [background] [info] - [Gmail]/Bin: remote=2, local=2, remoteUID=mXCHYnH2xkCEAwVQCUvuT9bM1T6E8V2AtGVjgJHvm
14880 [2023-10-27 18:14:58.526] [background] [info] syncFolderUIDRange for [Gmail]/Spam, UIDs: 1 - 797, Heavy: false
14880 [2023-10-27 18:14:59.561] [background] [info] - [Gmail]/Spam: remote=107, local=107, remoteUID=Cksxo4Ye6YWeXpt1HqBHyT6pq33XdqfvCSqx1pBNN
14880 [2023-10-27 18:14:59.563] [background] [info] Sync loop deleting unlinked messages with phase 2.
14880 [2023-10-27 18:14:59.571] [background] [info] Sync loop complete.
14880 [2023-10-27 18:16:59.571] [background] [info] Syncing folder list...
14880 [2023-10-27 18:17:00.406] [background] [info] syncFolderUIDRange for [Gmail]/All Mail, UIDs: 6832 - 7409, Heavy: false
14880 [2023-10-27 18:17:01.433] [background] [info] - [Gmail]/All Mail: remote=400, local=400, remoteUID=21JcW4SBsjUvodJpgL75Y6XydM3aKAFgtNdNJ45kF
14880 [2023-10-27 18:17:01.857] [background] [info] syncFolderUIDRange for [Gmail]/Bin, UIDs: 1 - 891, Heavy: false
14880 [2023-10-27 18:17:02.704] [background] [info] - [Gmail]/Bin: remote=2, local=2, remoteUID=mXCHYnH2xkCEAwVQCUvuT9bM1T6E8V2AtGVjgJHvm
14880 [2023-10-27 18:17:03.104] [background] [info] syncFolderUIDRange for [Gmail]/Spam, UIDs: 1 - 797, Heavy: false
14880 [2023-10-27 18:17:04.070] [background] [info] - [Gmail]/Spam: remote=107, local=107, remoteUID=Cksxo4Ye6YWeXpt1HqBHyT6pq33XdqfvCSqx1pBNN
14880 [2023-10-27 18:17:04.072] [background] [info] Sync loop deleting unlinked messages with phase 1.
14880 [2023-10-27 18:17:04.080] [background] [info] Sync loop complete.
14880 [2023-10-27 18:19:04.080] [background] [info] Syncing folder list...
14880 [2023-10-27 18:19:14.952] [background] [info] syncFolderUIDRange for [Gmail]/All Mail, UIDs: 6832 - 7409, Heavy: false
14880 [2023-10-27 18:19:16.181] [background] [info] - [Gmail]/All Mail: remote=400, local=400, remoteUID=21JcW4SBsjUvodJpgL75Y6XydM3aKAFgtNdNJ45kF
14880 [2023-10-27 18:19:16.745] [background] [info] syncFolderUIDRange for [Gmail]/Bin, UIDs: 1 - 891, Heavy: false
14880 [2023-10-27 18:19:20.032] [background] [info] - [Gmail]/Bin: remote=2, local=2, remoteUID=mXCHYnH2xkCEAwVQCUvuT9bM1T6E8V2AtGVjgJHvm
14880 [2023-10-27 18:19:20.484] [background] [info] syncFolderUIDRange for [Gmail]/Spam, UIDs: 1 - 797, Heavy: false
14880 [2023-10-27 18:19:21.353] [background] [info] - [Gmail]/Spam: remote=107, local=107, remoteUID=Cksxo4Ye6YWeXpt1HqBHyT6pq33XdqfvCSqx1pBNN
14880 [2023-10-27 18:19:21.353] [background] [info] Sync loop deleting unlinked messages with phase 2.
14880 [2023-10-27 18:19:21.356] [background] [info] Sync loop complete.
14880 [2023-10-27 18:19:41.418] [main] [info] [local-2e049d90-f97a] Running ChangeUnreadTask performLocal:
14880 [2023-10-27 18:19:41.427] [main] [info] [local-2e049d90-f97a] -- Succeeded. Changing status to `remote`
14880 [2023-10-27 18:19:42.129] [foreground] [info] Idle exited with code 0
14880 [2023-10-27 18:19:42.130] [foreground] [info] [local-2e049d90-f97a] Running ChangeUnreadTask performRemote:
14880 [2023-10-27 18:19:42.815] [foreground] [info] [local-2e049d90-f97a] -- Succeeded. Changing status to `complete`
14880 [2023-10-27 18:19:43.233] [foreground] [info] syncFolderChangesViaCondstore - [Gmail]/All Mail: modseq 886813 to 886872, uidnext 7409 to 7409
14880 [2023-10-27 18:19:43.762] [foreground] [info] syncFolderChangesViaCondstore - Changes since HMODSEQ 886813: 1 changed, 0 vanished
14880 [2023-10-27 18:19:43.782] [foreground] [info] Idling on folder [Gmail]/All Mail
