00:00:00.023792 main     VirtualBox XPCOM Server 7.0.12 r159484 linux.amd64 (Oct 17 2023 12:57:12) release log
00:00:00.023794 main     Log opened 2023-12-23T02:28:08.314334000Z
00:00:00.023794 main     Build Type: release
00:00:00.023797 main     OS Product: Linux
00:00:00.023798 main     OS Release: 6.6.7-arch1-1
00:00:00.023799 main     OS Version: #1 SMP PREEMPT_DYNAMIC Thu, 14 Dec 2023 03:45:42 +0000
00:00:00.023825 main     DMI Product Name: 417853M
00:00:00.023835 main     DMI Product Version: ThinkPad T420
00:00:00.023842 main     Firmware type: BIOS
00:00:00.023874 main     Host RAM: 15879MB (15.5GB) total, 14796MB (14.4GB) available
00:00:00.023877 main     Executable: /usr/lib/virtualbox/VBoxSVC
00:00:00.023878 main     Process ID: 75489
00:00:00.023878 main     Package type: LINUX_64BITS_GENERIC (OSE)
00:00:00.025411 main     IPC socket path: /tmp/.vbox-zeus-ipc/ipcd
00:00:00.131888 nspr-2   VirtualBox: object creation starts
00:00:00.131985 nspr-2   Home directory: '/home/zeus/.config/VirtualBox'
00:00:00.155108 nspr-2   Loading settings file "/home/zeus/.config/VirtualBox/VirtualBox.xml" with version "1.12-linux"
00:00:00.156852 nspr-2   USB: Unknown USB device detected (idVendor: 0x1ea7, idProduct: 0x0002)
00:00:00.156980 nspr-2   Successfully initialised host USB using sysfs
00:00:00.170683 nspr-2   NetIfAdpCtlOut: VBoxNetAdpCtl: Error while retrieving link speed for wlan0: VBoxNetAdpCtl: ioctl failed: Operation not supported
00:00:00.171622 nspr-2   HostDnsMonitor: initializing
00:00:00.171943 nspr-2   NAT: resolv.conf: nameserver 192.168.1.1
00:00:00.171954 nspr-2   NAT: resolv.conf: nameserver 2402:800:20ff:6666::1
00:00:00.171959 nspr-2   NAT: resolv.conf: nameserver 2402:800:20ff:3333::1
00:00:00.171985 nspr-2   HostDnsMonitor: updating information
00:00:00.172000 nspr-2   HostDnsMonitor: old information
00:00:00.172002 nspr-2     no server entries
00:00:00.172005 nspr-2     no domain set
00:00:00.172006 nspr-2     no search string entries
00:00:00.172008 nspr-2   HostDnsMonitor: new information
00:00:00.172009 nspr-2     server 1: 192.168.1.1
00:00:00.172012 nspr-2     server 2: 2402:800:20ff:6666::1
00:00:00.172013 nspr-2     server 3: 2402:800:20ff:3333::1
00:00:00.172015 nspr-2     no domain set
00:00:00.172017 nspr-2     no search string entries
00:00:00.174554 nspr-2   VD: VDInit finished with VINF_SUCCESS
00:00:00.206498 nspr-2   Loading settings file "/home/zeus/Documents/Projects/VMs/Arch/Arch.vbox" with version "1.19-linux"
00:00:00.210496 nspr-2   OCI: Local config file '/home/zeus/.config/VirtualBox/oci_config' does not exist
00:00:00.210515 nspr-2   OCI: Original config file '/home/zeus/.oci/config' does not exist
00:00:00.210518 nspr-2   OCI: Reading profiles finished with status NS_OK
00:00:00.210523 nspr-2   ExtPack: Created cloud provider 'OCI' (hrc=NS_OK)
00:00:00.210561 nspr-2   VirtualBox: object created
00:00:01.301416 nspr-5   ERROR [COM]: aRC=VBOX_E_INVALID_VM_STATE (0x80bb0002) aIID={300763af-5d6b-46e6-aa96-273eac15538a} aComponent={MachineWrap} aText={The machine is not mutable (state is PoweredOff)}, preserve=false aResultDetail=0
00:00:01.760393 nspr-5   Saving settings file "/home/zeus/.config/VirtualBox/VirtualBox.xml" with version "1.12-linux"
00:00:01.921792 nspr-5   Finished saving settings file "/home/zeus/.config/VirtualBox/VirtualBox.xml"
00:00:09.880958 nspr-4   Launched VM: 3959429920 pid: 75728 (0x127d0) frontend: GUI/Qt name: Arch
00:00:09.905677 nspr-3   ERROR [COM]: aRC=VBOX_E_INVALID_VM_STATE (0x80bb0002) aIID={300763af-5d6b-46e6-aa96-273eac15538a} aComponent={MachineWrap} aText={The machine is not mutable (state is PoweredOff)}, preserve=false aResultDetail=0
00:00:10.504436 nspr-7   ERROR [COM]: aRC=VBOX_E_INVALID_VM_STATE (0x80bb0002) aIID={300763af-5d6b-46e6-aa96-273eac15538a} aComponent={MachineWrap} aText={The machine is not mutable (state is PoweredOff)}, preserve=false aResultDetail=0
00:00:10.729463 nspr-7   Saving settings file "/home/zeus/.config/VirtualBox/VirtualBox.xml" with version "1.12-linux"
00:00:10.914509 nspr-7   Finished saving settings file "/home/zeus/.config/VirtualBox/VirtualBox.xml"
00:00:11.330192 nspr-7   Load [/usr/lib/virtualbox/ExtensionPacks/Oracle_VM_VirtualBox_Extension_Pack/linux.amd64/VBoxHostWebcam.so] vrc=VINF_SUCCESS
00:00:11.497967 nspr-2   ERROR [COM]: aRC=VBOX_E_IPRT_ERROR (0x80bb0005) aIID={300763af-5d6b-46e6-aa96-273eac15538a} aComponent={SessionMachine} aText={Saved screenshot data is not available (VERR_NOT_SUPPORTED)}, preserve=false aResultDetail=-37
00:00:11.535516 nspr-6   NetIfAdpCtlOut: VBoxNetAdpCtl: Error while retrieving link speed for wlan0: VBoxNetAdpCtl: ioctl failed: Operation not supported
00:00:11.679155 nspr-2   ERROR [COM]: aRC=VBOX_E_INVALID_VM_STATE (0x80bb0002) aIID={300763af-5d6b-46e6-aa96-273eac15538a} aComponent={MachineWrap} aText={The machine is not mutable (state is Starting)}, preserve=false aResultDetail=0
00:00:12.074372 nspr-3   Saving settings file "/home/zeus/Documents/Projects/VMs/Arch/Arch.vbox" with version "1.19-linux"
00:00:12.403314 nspr-3   Finished saving settings file "/home/zeus/Documents/Projects/VMs/Arch/Arch.vbox"
00:00:12.404482 nspr-8   ERROR [COM]: aRC=VBOX_E_OBJECT_NOT_FOUND (0x80bb0001) aIID={ad47ad09-787b-44ab-b343-a082a3f2dfb1} aComponent={MediumWrap} aText={Property 'CRYPT/KeyId' does not exist}, preserve=false aResultDetail=0
00:00:12.409198 nspr-7   ERROR [COM]: aRC=VBOX_E_OBJECT_NOT_FOUND (0x80bb0001) aIID={ad47ad09-787b-44ab-b343-a082a3f2dfb1} aComponent={MediumWrap} aText={Property 'CRYPT/KeyId' does not exist}, preserve=false aResultDetail=0
00:00:12.464365 nspr-8   ERROR [COM]: aRC=VBOX_E_INVALID_VM_STATE (0x80bb0002) aIID={300763af-5d6b-46e6-aa96-273eac15538a} aComponent={MachineWrap} aText={The machine is not mutable (state is Running)}, preserve=false aResultDetail=0
00:00:15.585114 nspr-8   Saving settings file "/home/zeus/Documents/Projects/VMs/Arch/Arch.vbox" with version "1.19-linux"
00:00:15.781825 nspr-8   Finished saving settings file "/home/zeus/Documents/Projects/VMs/Arch/Arch.vbox"
00:00:15.782045 nspr-4   Saving settings file "/home/zeus/.config/VirtualBox/VirtualBox.xml" with version "1.12-linux"
00:00:15.958141 nspr-4   Finished saving settings file "/home/zeus/.config/VirtualBox/VirtualBox.xml"
00:00:15.974301 nspr-6   ERROR [COM]: aRC=VBOX_E_INVALID_VM_STATE (0x80bb0002) aIID={300763af-5d6b-46e6-aa96-273eac15538a} aComponent={MachineWrap} aText={The machine is not mutable (state is Running)}, preserve=false aResultDetail=0
04:41:33.559010 nspr-3   ERROR [COM]: aRC=VBOX_E_INVALID_VM_STATE (0x80bb0002) aIID={300763af-5d6b-46e6-aa96-273eac15538a} aComponent={MachineWrap} aText={The machine is not mutable (state is Stopping)}, preserve=false aResultDetail=0
04:41:33.755874 nspr-2   Saving settings file "/home/zeus/Documents/Projects/VMs/Arch/Arch.vbox" with version "1.19-linux"
04:41:34.003441 nspr-2   Finished saving settings file "/home/zeus/Documents/Projects/VMs/Arch/Arch.vbox"
04:41:34.023432 nspr-8   ERROR [COM]: aRC=VBOX_E_INVALID_VM_STATE (0x80bb0002) aIID={300763af-5d6b-46e6-aa96-273eac15538a} aComponent={MachineWrap} aText={The machine is not mutable (state is PoweredOff)}, preserve=false aResultDetail=0
04:41:35.279597 nspr-7   ERROR [COM]: aRC=VBOX_E_INVALID_VM_STATE (0x80bb0002) aIID={300763af-5d6b-46e6-aa96-273eac15538a} aComponent={MachineWrap} aText={The machine is not mutable (state is PoweredOff)}, preserve=false aResultDetail=0
04:51:08.441296 main     VirtualBox: object deletion starts
04:51:08.441362 main     ERROR [COM]: aRC=VBOX_E_OBJECT_IN_USE (0x80bb000c) aIID={ad47ad09-787b-44ab-b343-a082a3f2dfb1} aComponent={MediumWrap} aText={Medium '/home/zeus/Documents/Projects/VMs/Arch/Arch.vdi' cannot be closed because it is still attached to 1 virtual machines}, preserve=false aResultDetail=0
04:51:08.442216 main     HostDnsMonitor: shutting down ...
04:51:08.442896 main     HostDnsMonitor: shut down
04:51:08.456727 Watcher  ERROR [COM]: aRC=E_ACCESSDENIED (0x80070005) aIID={7682d5eb-f00e-44f1-8ca2-99d08b1cd607} aComponent={VirtualBoxWrap} aText={The object is not ready}, preserve=false aResultDetail=0
04:51:08.456874 main     VirtualBox: object deleted
